[ 2018-01-26T10:21:40+08:00 ] ::1 /ysk/tp32/
INFO: [ app_begin ] --START--
INFO: Run Behavior\ReadHtmlCache [ RunTime:0.011295s ]
INFO: [ app_begin ] --END-- [ RunTime:0.019723s ]
INFO: [ app_end ] --START--
INFO: Run Behavior\ShowPageTrace [ RunTime:0.007429s ]
INFO: [ app_end ] --END-- [ RunTime:0.007485s ]

[ 2018-01-26T10:21:58+08:00 ] ::1 /ysk/tp32/api/checkusername
INFO: [ app_begin ] --START--
INFO: Run Behavior\ReadHtmlCache [ RunTime:0.000411s ]
INFO: [ app_begin ] --END-- [ RunTime:0.000677s ]
ERR: 无法加载控制器:Checkusername

[ 2018-01-26T10:22:21+08:00 ] ::1 /ysk/tp32/api/index/checkUsername
INFO: [ app_begin ] --START--
INFO: Run Behavior\ReadHtmlCache [ RunTime:0.000409s ]
INFO: [ app_begin ] --END-- [ RunTime:0.000668s ]
ERR: 无法加载控制器:Index

[ 2018-01-26T10:22:28+08:00 ] ::1 /ysk/tp32/api/Index/checkUsername
INFO: [ app_begin ] --START--
INFO: Run Behavior\ReadHtmlCache [ RunTime:0.000415s ]
INFO: [ app_begin ] --END-- [ RunTime:0.000680s ]
ERR: 无法加载控制器:Index

[ 2018-01-26T10:22:36+08:00 ] ::1 /ysk/tp32/api/user/checkUsername
INFO: [ app_begin ] --START--
INFO: Run Behavior\ReadHtmlCache [ RunTime:0.000412s ]
INFO: [ app_begin ] --END-- [ RunTime:0.000671s ]

[ 2018-01-26T10:32:19+08:00 ] ::1 /ysk/tp32/Api/user/checkUserName?username=afddafa
INFO: [ app_begin ] --START--
INFO: Run Behavior\ReadHtmlCache [ RunTime:0.000501s ]
INFO: [ app_begin ] --END-- [ RunTime:0.000896s ]

[ 2018-01-26T10:36:41+08:00 ] ::1 /ysk/tp32/Api/user/checkUserName?username=afddafa
INFO: [ app_begin ] --START--
INFO: Run Behavior\ReadHtmlCache [ RunTime:0.000544s ]
INFO: [ app_begin ] --END-- [ RunTime:0.000857s ]

[ 2018-01-26T10:36:42+08:00 ] ::1 /ysk/tp32/index.php
INFO: [ app_begin ] --START--
INFO: Run Behavior\ReadHtmlCache [ RunTime:0.000479s ]
INFO: [ app_begin ] --END-- [ RunTime:0.000807s ]
INFO: [ app_end ] --START--
INFO: Run Behavior\ShowPageTrace [ RunTime:0.000520s ]
INFO: [ app_end ] --END-- [ RunTime:0.000560s ]

[ 2018-01-26T10:37:11+08:00 ] ::1 /ysk/tp32/Api/user/checkUserName?username=afddafa
INFO: [ app_begin ] --START--
INFO: Run Behavior\ReadHtmlCache [ RunTime:0.000415s ]
INFO: [ app_begin ] --END-- [ RunTime:0.000686s ]

[ 2018-01-26T10:38:16+08:00 ] ::1 /ysk/tp32/Api/user/checkUserName?username=afddafa
INFO: [ app_begin ] --START--
INFO: Run Behavior\ReadHtmlCache [ RunTime:0.000416s ]
INFO: [ app_begin ] --END-- [ RunTime:0.000677s ]

[ 2018-01-26T10:38:25+08:00 ] ::1 /ysk/tp32/Api/user/checkUserName?username=afddafa
INFO: [ app_begin ] --START--
INFO: Run Behavior\ReadHtmlCache [ RunTime:0.000443s ]
INFO: [ app_begin ] --END-- [ RunTime:0.000739s ]

[ 2018-01-26T10:38:55+08:00 ] ::1 /ysk/tp32/Api/user/checkUserName?username=afddafa
INFO: [ app_begin ] --START--
INFO: Run Behavior\ReadHtmlCache [ RunTime:0.000529s ]
INFO: [ app_begin ] --END-- [ RunTime:0.000964s ]

[ 2018-01-26T10:39:04+08:00 ] ::1 /ysk/tp32/Api/user/checkUserName?username=afddafa
INFO: [ app_begin ] --START--
INFO: Run Behavior\ReadHtmlCache [ RunTime:0.000652s ]
INFO: [ app_begin ] --END-- [ RunTime:0.001037s ]

[ 2018-01-26T10:39:42+08:00 ] ::1 /ysk/tp32/Api/user/checkUserName?username=afddafa
INFO: [ app_begin ] --START--
INFO: Run Behavior\ReadHtmlCache [ RunTime:0.000498s ]
INFO: [ app_begin ] --END-- [ RunTime:0.000882s ]

[ 2018-01-26T10:39:57+08:00 ] ::1 /ysk/tp32/Api/user/checkUserName?username=afddafa
INFO: [ app_begin ] --START--
INFO: Run Behavior\ReadHtmlCache [ RunTime:0.000626s ]
INFO: [ app_begin ] --END-- [ RunTime:0.000933s ]

[ 2018-01-26T10:39:58+08:00 ] ::1 /ysk/tp32/Api/user/checkUserName?username=afddafa
INFO: [ app_begin ] --START--
INFO: Run Behavior\ReadHtmlCache [ RunTime:0.000411s ]
INFO: [ app_begin ] --END-- [ RunTime:0.000668s ]

[ 2018-01-26T10:39:59+08:00 ] ::1 /ysk/tp32/Api/user/checkUserName?username=afddafa
INFO: [ app_begin ] --START--
INFO: Run Behavior\ReadHtmlCache [ RunTime:0.000415s ]
INFO: [ app_begin ] --END-- [ RunTime:0.000687s ]

[ 2018-01-26T10:39:59+08:00 ] ::1 /ysk/tp32/Api/user/checkUserName?username=afddafa
INFO: [ app_begin ] --START--
INFO: Run Behavior\ReadHtmlCache [ RunTime:0.000416s ]
INFO: [ app_begin ] --END-- [ RunTime:0.000679s ]

[ 2018-01-26T10:42:13+08:00 ] ::1 /ysk/tp32/Api/user/checkUserName?username=asfdasf
INFO: [ app_begin ] --START--
INFO: Run Behavior\ReadHtmlCache [ RunTime:0.000499s ]
INFO: [ app_begin ] --END-- [ RunTime:0.000796s ]

[ 2018-01-26T11:48:25+08:00 ] ::1 /ysk/tp32/Api/user/checkUserName?username=asfdasf
INFO: [ app_begin ] --START--
INFO: Run Behavior\ReadHtmlCache [ RunTime:0.000568s ]
INFO: [ app_begin ] --END-- [ RunTime:0.000931s ]

[ 2018-01-26T11:48:29+08:00 ] ::1 /ysk/tp32/Api/user/checkUserName?username=asfdasf
INFO: [ app_begin ] --START--
INFO: Run Behavior\ReadHtmlCache [ RunTime:0.000411s ]
INFO: [ app_begin ] --END-- [ RunTime:0.000679s ]

[ 2018-01-26T11:52:45+08:00 ] ::1 /ysk/tp32/Api/user/checkUserName?username=asfdasf
INFO: [ app_begin ] --START--
INFO: Run Behavior\ReadHtmlCache [ RunTime:0.000531s ]
INFO: [ app_begin ] --END-- [ RunTime:0.000920s ]

[ 2018-01-26T11:52:47+08:00 ] ::1 /ysk/tp32/Api/user/checkUserName?username=asfdasf
INFO: [ app_begin ] --START--
INFO: Run Behavior\ReadHtmlCache [ RunTime:0.000485s ]
INFO: [ app_begin ] --END-- [ RunTime:0.000760s ]

[ 2018-01-26T11:52:58+08:00 ] ::1 /ysk/tp32/Api/user/checkUserName?username=asfdasf
INFO: [ app_begin ] --START--
INFO: Run Behavior\ReadHtmlCache [ RunTime:0.000620s ]
INFO: [ app_begin ] --END-- [ RunTime:0.000948s ]

[ 2018-01-26T11:53:00+08:00 ] ::1 /ysk/tp32/Api/user/checkUserName?username=asfdasf
INFO: [ app_begin ] --START--
INFO: Run Behavior\ReadHtmlCache [ RunTime:0.000442s ]
INFO: [ app_begin ] --END-- [ RunTime:0.000706s ]

[ 2018-01-26T11:58:59+08:00 ] ::1 /ysk/tp32/Api/user/checkUserName?username=asfdasf
INFO: [ app_begin ] --START--
INFO: Run Behavior\ReadHtmlCache [ RunTime:0.000554s ]
INFO: [ app_begin ] --END-- [ RunTime:0.000899s ]

[ 2018-01-26T11:59:04+08:00 ] ::1 /ysk/tp32/Api/user/checkUserName?username=asfdasf
INFO: [ app_begin ] --START--
INFO: Run Behavior\ReadHtmlCache [ RunTime:0.000418s ]
INFO: [ app_begin ] --END-- [ RunTime:0.000720s ]

[ 2018-01-26T11:59:05+08:00 ] ::1 /ysk/tp32/index.php
INFO: [ app_begin ] --START--
INFO: Run Behavior\ReadHtmlCache [ RunTime:0.000550s ]
INFO: [ app_begin ] --END-- [ RunTime:0.000842s ]
INFO: [ app_end ] --START--
INFO: Run Behavior\ShowPageTrace [ RunTime:0.000505s ]
INFO: [ app_end ] --END-- [ RunTime:0.000546s ]

[ 2018-01-26T11:59:05+08:00 ] ::1 /ysk/tp32/Api/user/checkUserName?username=asfdasf
INFO: [ app_begin ] --START--
INFO: Run Behavior\ReadHtmlCache [ RunTime:0.000416s ]
INFO: [ app_begin ] --END-- [ RunTime:0.000689s ]

[ 2018-01-26T11:59:26+08:00 ] ::1 /ysk/tp32/Api/user/checkUserName?username=asfdasf
INFO: [ app_begin ] --START--
INFO: Run Behavior\ReadHtmlCache [ RunTime:0.000409s ]
INFO: [ app_begin ] --END-- [ RunTime:0.000669s ]

[ 2018-01-26T12:44:09+08:00 ] ::1 /ysk/tp32/Api/user/checkUserName?username=asfdasf
INFO: [ app_begin ] --START--
INFO: Run Behavior\ReadHtmlCache [ RunTime:0.000498s ]
INFO: [ app_begin ] --END-- [ RunTime:0.000807s ]

[ 2018-01-26T12:47:49+08:00 ] ::1 /ysk/tp32/Api/user/checkUserName?username=asfdasf
INFO: [ app_begin ] --START--
INFO: Run Behavior\ReadHtmlCache [ RunTime:0.000497s ]
INFO: [ app_begin ] --END-- [ RunTime:0.000794s ]

[ 2018-01-26T12:48:04+08:00 ] ::1 /ysk/tp32/Api/user/checkUserName?username=asfdasf
INFO: [ app_begin ] --START--
INFO: Run Behavior\ReadHtmlCache [ RunTime:0.000411s ]
INFO: [ app_begin ] --END-- [ RunTime:0.000720s ]

[ 2018-01-26T12:49:46+08:00 ] ::1 /ysk/tp32/Api/user/checkUserName?username=asfdasf
INFO: [ app_begin ] --START--
INFO: Run Behavior\ReadHtmlCache [ RunTime:0.000428s ]
INFO: [ app_begin ] --END-- [ RunTime:0.000718s ]

[ 2018-01-26T12:49:49+08:00 ] ::1 /ysk/tp32/Api/user/checkUserName?username=asfdasf
INFO: [ app_begin ] --START--
INFO: Run Behavior\ReadHtmlCache [ RunTime:0.000418s ]
INFO: [ app_begin ] --END-- [ RunTime:0.000683s ]

[ 2018-01-26T12:49:57+08:00 ] ::1 /ysk/tp32/Api/user/checkUserName?username=asfdasf
INFO: [ app_begin ] --START--
INFO: Run Behavior\ReadHtmlCache [ RunTime:0.000502s ]
INFO: [ app_begin ] --END-- [ RunTime:0.000801s ]

[ 2018-01-26T12:50:05+08:00 ] ::1 /ysk/tp32/Api/user/checkUserName?username=asfdasf
INFO: [ app_begin ] --START--
INFO: Run Behavior\ReadHtmlCache [ RunTime:0.000408s ]
INFO: [ app_begin ] --END-- [ RunTime:0.000665s ]

[ 2018-01-26T12:50:16+08:00 ] ::1 /ysk/tp32/Api/user/checkUserName?username=asfdasf
INFO: [ app_begin ] --START--
INFO: Run Behavior\ReadHtmlCache [ RunTime:0.000432s ]
INFO: [ app_begin ] --END-- [ RunTime:0.000901s ]

[ 2018-01-26T12:53:13+08:00 ] ::1 /ysk/tp32/Api/user/checkUserName?username=asfdasf
INFO: [ app_begin ] --START--
INFO: Run Behavior\ReadHtmlCache [ RunTime:0.000745s ]
INFO: [ app_begin ] --END-- [ RunTime:0.001171s ]

[ 2018-01-26T12:53:15+08:00 ] ::1 /ysk/tp32/Api/user/checkUserName?username=asfdasf
INFO: [ app_begin ] --START--
INFO: Run Behavior\ReadHtmlCache [ RunTime:0.000417s ]
INFO: [ app_begin ] --END-- [ RunTime:0.000698s ]

[ 2018-01-26T13:17:18+08:00 ] ::1 /ysk/tp32/Api/user/checkUserName?username=asfdasf
INFO: [ app_begin ] --START--
INFO: Run Behavior\ReadHtmlCache [ RunTime:0.000496s ]
INFO: [ app_begin ] --END-- [ RunTime:0.000791s ]

[ 2018-01-26T13:17:24+08:00 ] ::1 /ysk/tp32/Api/user/checkUserName?username=asfdasf
INFO: [ app_begin ] --START--
INFO: Run Behavior\ReadHtmlCache [ RunTime:0.000822s ]
INFO: [ app_begin ] --END-- [ RunTime:0.001257s ]

[ 2018-01-26T13:17:25+08:00 ] ::1 /ysk/tp32/index.php
INFO: [ app_begin ] --START--
INFO: Run Behavior\ReadHtmlCache [ RunTime:0.000873s ]
INFO: [ app_begin ] --END-- [ RunTime:0.001453s ]
INFO: [ app_end ] --START--
INFO: Run Behavior\ShowPageTrace [ RunTime:0.000829s ]
INFO: [ app_end ] --END-- [ RunTime:0.000902s ]

[ 2018-01-26T13:18:55+08:00 ] ::1 /ysk/tp32/Api/user/checkUserName?username=asfdasf
INFO: [ app_begin ] --START--
INFO: Run Behavior\ReadHtmlCache [ RunTime:0.000415s ]
INFO: [ app_begin ] --END-- [ RunTime:0.000689s ]

[ 2018-01-26T13:26:55+08:00 ] ::1 /ysk/tp32/Api/user/checkUserName?username=asfdasf
INFO: [ app_begin ] --START--
INFO: Run Behavior\ReadHtmlCache [ RunTime:0.000496s ]
INFO: [ app_begin ] --END-- [ RunTime:0.000794s ]

[ 2018-01-26T13:31:52+08:00 ] ::1 /ysk/tp32/Api/user/checkUserName?username=asfdasf
INFO: [ app_begin ] --START--
INFO: Run Behavior\ReadHtmlCache [ RunTime:0.000504s ]
INFO: [ app_begin ] --END-- [ RunTime:0.000804s ]

[ 2018-01-26T13:32:04+08:00 ] ::1 /ysk/tp32/Api/user/checkUserName?username=asfdasf
INFO: [ app_begin ] --START--
INFO: Run Behavior\ReadHtmlCache [ RunTime:0.000423s ]
INFO: [ app_begin ] --END-- [ RunTime:0.000740s ]

[ 2018-01-26T13:32:27+08:00 ] ::1 /ysk/tp32/Api/user/checkUserName?username=asfdasf
INFO: [ app_begin ] --START--
INFO: Run Behavior\ReadHtmlCache [ RunTime:0.000414s ]
INFO: [ app_begin ] --END-- [ RunTime:0.000682s ]

[ 2018-01-26T13:32:42+08:00 ] ::1 /ysk/tp32/Api/user/checkUserName?username=asfdasf
INFO: [ app_begin ] --START--
INFO: Run Behavior\ReadHtmlCache [ RunTime:0.001076s ]
INFO: [ app_begin ] --END-- [ RunTime:0.001403s ]

[ 2018-01-26T13:32:50+08:00 ] ::1 /ysk/tp32/Api/user/checkUserName?username=asfdasf
INFO: [ app_begin ] --START--
INFO: Run Behavior\ReadHtmlCache [ RunTime:0.000609s ]
INFO: [ app_begin ] --END-- [ RunTime:0.000880s ]

[ 2018-01-26T13:33:18+08:00 ] ::1 /ysk/tp32/Api/user/checkUserName?username=asfdasf
INFO: [ app_begin ] --START--
INFO: Run Behavior\ReadHtmlCache [ RunTime:0.000613s ]
INFO: [ app_begin ] --END-- [ RunTime:0.000989s ]

[ 2018-01-26T13:33:27+08:00 ] ::1 /ysk/tp32/Api/user/checkUserName?username=asfdasf
INFO: [ app_begin ] --START--
INFO: Run Behavior\ReadHtmlCache [ RunTime:0.000417s ]
INFO: [ app_begin ] --END-- [ RunTime:0.000679s ]

[ 2018-01-26T13:33:37+08:00 ] ::1 /ysk/tp32/Api/user/checkUserName?username=asfdasf
INFO: [ app_begin ] --START--
INFO: Run Behavior\ReadHtmlCache [ RunTime:0.000590s ]
INFO: [ app_begin ] --END-- [ RunTime:0.001004s ]
NOTIC: [8] Array to string conversion C:\phpStudy\PHPTutorial\WWW\ysk\tp32\Application\Api\Controller\UserController.class.php 第 39 行.

[ 2018-01-26T13:36:05+08:00 ] ::1 /ysk/tp32/Api/user/checkUserName?username=asfdasf
INFO: [ app_begin ] --START--
INFO: Run Behavior\ReadHtmlCache [ RunTime:0.000526s ]
INFO: [ app_begin ] --END-- [ RunTime:0.000846s ]
NOTIC: [2] json_decode() expects parameter 1 to be string, array given C:\phpStudy\PHPTutorial\WWW\ysk\tp32\Application\Api\Controller\UserController.class.php 第 41 行.
NOTIC: [8] Trying to get property of non-object C:\phpStudy\PHPTutorial\WWW\ysk\tp32\Application\Api\Controller\UserController.class.php 第 42 行.
SQL: SHOW COLUMNS FROM `user` [ RunTime:0.006037s ]
ERR: 1146:Table 'yskdemo.user' doesn't exist
 [ SQL语句 ] : SHOW COLUMNS FROM `user`
SQL: SHOW COLUMNS FROM `admin` [ RunTime:0.029179s ]
SQL: SELECT COUNT(*) AS tp_count FROM `admin` WHERE ( `username` = null ) LIMIT 1   [ RunTime:0.000260s ]

[ 2018-01-26T13:36:06+08:00 ] ::1 /ysk/tp32/Api/user/checkUserName?username=asfdasf
INFO: [ app_begin ] --START--
INFO: Run Behavior\ReadHtmlCache [ RunTime:0.000475s ]
INFO: [ app_begin ] --END-- [ RunTime:0.000992s ]
NOTIC: [2] json_decode() expects parameter 1 to be string, array given C:\phpStudy\PHPTutorial\WWW\ysk\tp32\Application\Api\Controller\UserController.class.php 第 41 行.
NOTIC: [8] Trying to get property of non-object C:\phpStudy\PHPTutorial\WWW\ysk\tp32\Application\Api\Controller\UserController.class.php 第 42 行.
SQL: SHOW COLUMNS FROM `user` [ RunTime:0.007877s ]
ERR: 1146:Table 'yskdemo.user' doesn't exist
 [ SQL语句 ] : SHOW COLUMNS FROM `user`
SQL: SHOW COLUMNS FROM `admin` [ RunTime:0.006589s ]
SQL: SELECT COUNT(*) AS tp_count FROM `admin` WHERE ( `username` = null ) LIMIT 1   [ RunTime:0.000205s ]

[ 2018-01-26T13:36:13+08:00 ] ::1 /ysk/tp32/Api/user/checkUserName?username=asfdasf
INFO: [ app_begin ] --START--
INFO: Run Behavior\ReadHtmlCache [ RunTime:0.000523s ]
INFO: [ app_begin ] --END-- [ RunTime:0.000874s ]
NOTIC: [2] json_decode() expects parameter 1 to be string, array given C:\phpStudy\PHPTutorial\WWW\ysk\tp32\Application\Api\Controller\UserController.class.php 第 41 行.
NOTIC: [8] Trying to get property of non-object C:\phpStudy\PHPTutorial\WWW\ysk\tp32\Application\Api\Controller\UserController.class.php 第 42 行.
SQL: SHOW COLUMNS FROM `user` [ RunTime:0.007815s ]
ERR: 1146:Table 'yskdemo.user' doesn't exist
 [ SQL语句 ] : SHOW COLUMNS FROM `user`
SQL: SHOW COLUMNS FROM `admin` [ RunTime:0.041981s ]
SQL: SELECT COUNT(*) AS tp_count FROM `admin` WHERE ( `username` = null ) LIMIT 1   [ RunTime:0.000283s ]

[ 2018-01-26T13:36:20+08:00 ] ::1 /ysk/tp32/Api/user/checkUserName?username=admin
INFO: [ app_begin ] --START--
INFO: Run Behavior\ReadHtmlCache [ RunTime:0.000425s ]
INFO: [ app_begin ] --END-- [ RunTime:0.000774s ]
NOTIC: [2] json_decode() expects parameter 1 to be string, array given C:\phpStudy\PHPTutorial\WWW\ysk\tp32\Application\Api\Controller\UserController.class.php 第 41 行.
NOTIC: [8] Trying to get property of non-object C:\phpStudy\PHPTutorial\WWW\ysk\tp32\Application\Api\Controller\UserController.class.php 第 42 行.
SQL: SHOW COLUMNS FROM `user` [ RunTime:0.007107s ]
ERR: 1146:Table 'yskdemo.user' doesn't exist
 [ SQL语句 ] : SHOW COLUMNS FROM `user`
SQL: SHOW COLUMNS FROM `admin` [ RunTime:0.007153s ]
SQL: SELECT COUNT(*) AS tp_count FROM `admin` WHERE ( `username` = null ) LIMIT 1   [ RunTime:0.000206s ]

[ 2018-01-26T13:37:18+08:00 ] ::1 /ysk/tp32/Api/user/checkUserName?username=admin
INFO: [ app_begin ] --START--
INFO: Run Behavior\ReadHtmlCache [ RunTime:0.000422s ]
INFO: [ app_begin ] --END-- [ RunTime:0.000711s ]
NOTIC: [2] json_decode() expects parameter 1 to be string, array given C:\phpStudy\PHPTutorial\WWW\ysk\tp32\Application\Api\Controller\UserController.class.php 第 41 行.
NOTIC: [8] Trying to get property of non-object C:\phpStudy\PHPTutorial\WWW\ysk\tp32\Application\Api\Controller\UserController.class.php 第 42 行.
NOTIC: [8] Trying to get property of non-object C:\phpStudy\PHPTutorial\WWW\ysk\tp32\Application\Api\Controller\UserController.class.php 第 43 行.
SQL: SHOW COLUMNS FROM `user` [ RunTime:0.007619s ]
ERR: 1146:Table 'yskdemo.user' doesn't exist
 [ SQL语句 ] : SHOW COLUMNS FROM `user`
SQL: SHOW COLUMNS FROM `admin` [ RunTime:0.006760s ]
SQL: SELECT COUNT(*) AS tp_count FROM `admin` WHERE ( `username` = null ) LIMIT 1   [ RunTime:0.000228s ]

[ 2018-01-26T13:37:51+08:00 ] ::1 /ysk/tp32/Api/user/checkUserName?username=admin
INFO: [ app_begin ] --START--
INFO: Run Behavior\ReadHtmlCache [ RunTime:0.001386s ]
INFO: [ app_begin ] --END-- [ RunTime:0.001885s ]

[ 2018-01-26T13:38:11+08:00 ] ::1 /ysk/tp32/Api/user/checkUserName?username=admin
INFO: [ app_begin ] --START--
INFO: Run Behavior\ReadHtmlCache [ RunTime:0.000502s ]
INFO: [ app_begin ] --END-- [ RunTime:0.000836s ]

[ 2018-01-26T13:38:13+08:00 ] ::1 /ysk/tp32/Api/user/checkUserName?username=admin
INFO: [ app_begin ] --START--
INFO: Run Behavior\ReadHtmlCache [ RunTime:0.000534s ]
INFO: [ app_begin ] --END-- [ RunTime:0.000908s ]

[ 2018-01-26T13:38:14+08:00 ] ::1 /ysk/tp32/Api/user/checkUserName?username=admin
INFO: [ app_begin ] --START--
INFO: Run Behavior\ReadHtmlCache [ RunTime:0.000406s ]
INFO: [ app_begin ] --END-- [ RunTime:0.000667s ]

[ 2018-01-26T13:38:31+08:00 ] ::1 /ysk/tp32/Api/user/checkUserName?username=admin
INFO: [ app_begin ] --START--
INFO: Run Behavior\ReadHtmlCache [ RunTime:0.000413s ]
INFO: [ app_begin ] --END-- [ RunTime:0.000686s ]

[ 2018-01-26T13:38:47+08:00 ] ::1 /ysk/tp32/Api/user/checkUserName?username=admin
INFO: [ app_begin ] --START--
INFO: Run Behavior\ReadHtmlCache [ RunTime:0.000501s ]
INFO: [ app_begin ] --END-- [ RunTime:0.000845s ]

[ 2018-01-26T13:45:33+08:00 ] ::1 /ysk/tp32/Api/user/checkUserName?username=admin
INFO: [ app_begin ] --START--
INFO: Run Behavior\ReadHtmlCache [ RunTime:0.000499s ]
INFO: [ app_begin ] --END-- [ RunTime:0.000798s ]
NOTIC: [8] Undefined variable: username C:\phpStudy\PHPTutorial\WWW\ysk\tp32\Application\Api\Controller\UserController.class.php 第 39 行.
INFO: [ app_end ] --START--
INFO: Run Behavior\ShowPageTrace [ RunTime:0.000475s ]
INFO: [ app_end ] --END-- [ RunTime:0.000511s ]

[ 2018-01-26T13:45:51+08:00 ] ::1 /ysk/tp32/Api/user/checkUserName?username=admin
INFO: [ app_begin ] --START--
INFO: Run Behavior\ReadHtmlCache [ RunTime:0.000547s ]
INFO: [ app_begin ] --END-- [ RunTime:0.001018s ]
NOTIC: [8] Undefined variable: username C:\phpStudy\PHPTutorial\WWW\ysk\tp32\Application\Api\Controller\UserController.class.php 第 39 行.
INFO: [ app_end ] --START--
INFO: Run Behavior\ShowPageTrace [ RunTime:0.000871s ]
INFO: [ app_end ] --END-- [ RunTime:0.000924s ]

[ 2018-01-26T13:45:54+08:00 ] ::1 /ysk/tp32/Api/user/checkUserName?username=admin
INFO: [ app_begin ] --START--
INFO: Run Behavior\ReadHtmlCache [ RunTime:0.000427s ]
INFO: [ app_begin ] --END-- [ RunTime:0.000695s ]
NOTIC: [8] Undefined variable: username C:\phpStudy\PHPTutorial\WWW\ysk\tp32\Application\Api\Controller\UserController.class.php 第 39 行.
INFO: [ app_end ] --START--
INFO: Run Behavior\ShowPageTrace [ RunTime:0.000449s ]
INFO: [ app_end ] --END-- [ RunTime:0.000488s ]

[ 2018-01-26T13:46:10+08:00 ] ::1 /ysk/tp32/Api/user/checkUserName?username=admin
INFO: [ app_begin ] --START--
INFO: Run Behavior\ReadHtmlCache [ RunTime:0.000469s ]
INFO: [ app_begin ] --END-- [ RunTime:0.000758s ]
NOTIC: [8] Undefined variable: username C:\phpStudy\PHPTutorial\WWW\ysk\tp32\Application\Api\Controller\UserController.class.php 第 39 行.
INFO: [ app_end ] --START--
INFO: Run Behavior\ShowPageTrace [ RunTime:0.000589s ]
INFO: [ app_end ] --END-- [ RunTime:0.000658s ]

[ 2018-01-26T13:46:18+08:00 ] ::1 /ysk/tp32/Api/user/checkUserName?username=admin
INFO: [ app_begin ] --START--
INFO: Run Behavior\ReadHtmlCache [ RunTime:0.000529s ]
INFO: [ app_begin ] --END-- [ RunTime:0.000871s ]
NOTIC: [8] Undefined variable: username C:\phpStudy\PHPTutorial\WWW\ysk\tp32\Application\Api\Controller\UserController.class.php 第 39 行.
INFO: [ app_end ] --START--
INFO: Run Behavior\ShowPageTrace [ RunTime:0.000516s ]
INFO: [ app_end ] --END-- [ RunTime:0.000566s ]

[ 2018-01-26T13:53:20+08:00 ] ::1 /ysk/tp32/Api/user/checkUserName?username=admin
INFO: [ app_begin ] --START--
INFO: Run Behavior\ReadHtmlCache [ RunTime:0.000547s ]
INFO: [ app_begin ] --END-- [ RunTime:0.000854s ]
NOTIC: [8] Undefined variable: username C:\phpStudy\PHPTutorial\WWW\ysk\tp32\Application\Api\Controller\UserController.class.php 第 39 行.
INFO: [ app_end ] --START--
INFO: Run Behavior\ShowPageTrace [ RunTime:0.000479s ]
INFO: [ app_end ] --END-- [ RunTime:0.000520s ]

[ 2018-01-26T13:53:31+08:00 ] ::1 /ysk/tp32/Api/user/checkUserName?username=admin
INFO: [ app_begin ] --START--
INFO: Run Behavior\ReadHtmlCache [ RunTime:0.000437s ]
INFO: [ app_begin ] --END-- [ RunTime:0.000729s ]
NOTIC: [8] Undefined variable: username C:\phpStudy\PHPTutorial\WWW\ysk\tp32\Application\Api\Controller\UserController.class.php 第 39 行.
INFO: [ app_end ] --START--
INFO: Run Behavior\ShowPageTrace [ RunTime:0.000575s ]
INFO: [ app_end ] --END-- [ RunTime:0.000653s ]

[ 2018-01-26T13:53:50+08:00 ] ::1 /ysk/tp32/Api/user/checkUserName?username=admin
INFO: [ app_begin ] --START--
INFO: Run Behavior\ReadHtmlCache [ RunTime:0.000435s ]
INFO: [ app_begin ] --END-- [ RunTime:0.000733s ]
NOTIC: [8] Undefined variable: username C:\phpStudy\PHPTutorial\WWW\ysk\tp32\Application\Api\Controller\UserController.class.php 第 39 行.
INFO: [ app_end ] --START--
INFO: Run Behavior\ShowPageTrace [ RunTime:0.000559s ]
INFO: [ app_end ] --END-- [ RunTime:0.000639s ]

[ 2018-01-26T13:53:52+08:00 ] ::1 /ysk/tp32/Api/user/checkUserName?username=admin
INFO: [ app_begin ] --START--
INFO: Run Behavior\ReadHtmlCache [ RunTime:0.000607s ]
INFO: [ app_begin ] --END-- [ RunTime:0.000900s ]
NOTIC: [8] Undefined variable: username C:\phpStudy\PHPTutorial\WWW\ysk\tp32\Application\Api\Controller\UserController.class.php 第 39 行.
INFO: [ app_end ] --START--
INFO: Run Behavior\ShowPageTrace [ RunTime:0.000547s ]
INFO: [ app_end ] --END-- [ RunTime:0.000588s ]

[ 2018-01-26T13:54:06+08:00 ] ::1 /ysk/tp32/Api/user/checkUserName?username=admin
INFO: [ app_begin ] --START--
INFO: Run Behavior\ReadHtmlCache [ RunTime:0.000666s ]
INFO: [ app_begin ] --END-- [ RunTime:0.001071s ]
INFO: [ app_end ] --START--
INFO: Run Behavior\ShowPageTrace [ RunTime:0.000713s ]
INFO: [ app_end ] --END-- [ RunTime:0.000792s ]

[ 2018-01-26T13:54:16+08:00 ] ::1 /ysk/tp32/Api/user/checkUserName?username=admin
INFO: [ app_begin ] --START--
INFO: Run Behavior\ReadHtmlCache [ RunTime:0.000583s ]
INFO: [ app_begin ] --END-- [ RunTime:0.001108s ]
NOTIC: [8] Undefined variable: username C:\phpStudy\PHPTutorial\WWW\ysk\tp32\Application\Api\Controller\UserController.class.php 第 39 行.
INFO: [ app_end ] --START--
INFO: Run Behavior\ShowPageTrace [ RunTime:0.000982s ]
INFO: [ app_end ] --END-- [ RunTime:0.001091s ]

[ 2018-01-26T13:54:18+08:00 ] ::1 /ysk/tp32/Api/user/checkUserName?username=admin
INFO: [ app_begin ] --START--
INFO: Run Behavior\ReadHtmlCache [ RunTime:0.000423s ]
INFO: [ app_begin ] --END-- [ RunTime:0.000711s ]
NOTIC: [8] Undefined variable: username C:\phpStudy\PHPTutorial\WWW\ysk\tp32\Application\Api\Controller\UserController.class.php 第 39 行.
INFO: [ app_end ] --START--
INFO: Run Behavior\ShowPageTrace [ RunTime:0.000436s ]
INFO: [ app_end ] --END-- [ RunTime:0.000479s ]

[ 2018-01-26T13:54:19+08:00 ] ::1 /ysk/tp32/Api/user/checkUserName?username=admin
INFO: [ app_begin ] --START--
INFO: Run Behavior\ReadHtmlCache [ RunTime:0.000412s ]
INFO: [ app_begin ] --END-- [ RunTime:0.000675s ]
NOTIC: [8] Undefined variable: username C:\phpStudy\PHPTutorial\WWW\ysk\tp32\Application\Api\Controller\UserController.class.php 第 39 行.
INFO: [ app_end ] --START--
INFO: Run Behavior\ShowPageTrace [ RunTime:0.000471s ]
INFO: [ app_end ] --END-- [ RunTime:0.000508s ]

[ 2018-01-26T13:54:19+08:00 ] ::1 /ysk/tp32/Api/user/checkUserName?username=admin
INFO: [ app_begin ] --START--
INFO: Run Behavior\ReadHtmlCache [ RunTime:0.000450s ]
INFO: [ app_begin ] --END-- [ RunTime:0.000828s ]
NOTIC: [8] Undefined variable: username C:\phpStudy\PHPTutorial\WWW\ysk\tp32\Application\Api\Controller\UserController.class.php 第 39 行.
INFO: [ app_end ] --START--
INFO: Run Behavior\ShowPageTrace [ RunTime:0.000504s ]
INFO: [ app_end ] --END-- [ RunTime:0.000545s ]

[ 2018-01-26T13:58:31+08:00 ] ::1 /ysk/tp32/Api/user/checkUserName?username=admin
INFO: [ app_begin ] --START--
INFO: Run Behavior\ReadHtmlCache [ RunTime:0.000675s ]
INFO: [ app_begin ] --END-- [ RunTime:0.001425s ]
INFO: [ app_end ] --START--
INFO: Run Behavior\ShowPageTrace [ RunTime:0.000885s ]
INFO: [ app_end ] --END-- [ RunTime:0.000981s ]

[ 2018-01-26T13:58:34+08:00 ] ::1 /ysk/tp32/Api/user/checkUserName?username=admin
INFO: [ app_begin ] --START--
INFO: Run Behavior\ReadHtmlCache [ RunTime:0.000408s ]
INFO: [ app_begin ] --END-- [ RunTime:0.000668s ]
INFO: [ app_end ] --START--
INFO: Run Behavior\ShowPageTrace [ RunTime:0.000407s ]
INFO: [ app_end ] --END-- [ RunTime:0.000449s ]

[ 2018-01-26T13:58:53+08:00 ] ::1 /ysk/tp32/Api/user/checkUserName?username=admin
INFO: [ app_begin ] --START--
INFO: Run Behavior\ReadHtmlCache [ RunTime:0.000521s ]
INFO: [ app_begin ] --END-- [ RunTime:0.000927s ]
INFO: [ app_end ] --START--
INFO: Run Behavior\ShowPageTrace [ RunTime:0.000604s ]
INFO: [ app_end ] --END-- [ RunTime:0.000670s ]

[ 2018-01-26T13:58:55+08:00 ] ::1 /ysk/tp32/Api/user/checkUserName?username=admin
INFO: [ app_begin ] --START--
INFO: Run Behavior\ReadHtmlCache [ RunTime:0.000471s ]
INFO: [ app_begin ] --END-- [ RunTime:0.000746s ]
INFO: [ app_end ] --START--
INFO: Run Behavior\ShowPageTrace [ RunTime:0.000568s ]
INFO: [ app_end ] --END-- [ RunTime:0.000633s ]

[ 2018-01-26T13:58:56+08:00 ] ::1 /ysk/tp32/Api/user/checkUserName?username=admin
INFO: [ app_begin ] --START--
INFO: Run Behavior\ReadHtmlCache [ RunTime:0.000408s ]
INFO: [ app_begin ] --END-- [ RunTime:0.000668s ]
INFO: [ app_end ] --START--
INFO: Run Behavior\ShowPageTrace [ RunTime:0.000408s ]
INFO: [ app_end ] --END-- [ RunTime:0.000448s ]

[ 2018-01-26T13:58:57+08:00 ] ::1 /ysk/tp32/Api/user/checkUserName?username=admin
INFO: [ app_begin ] --START--
INFO: Run Behavior\ReadHtmlCache [ RunTime:0.000417s ]
INFO: [ app_begin ] --END-- [ RunTime:0.000703s ]
INFO: [ app_end ] --START--
INFO: Run Behavior\ShowPageTrace [ RunTime:0.000409s ]
INFO: [ app_end ] --END-- [ RunTime:0.000450s ]

[ 2018-01-26T13:59:08+08:00 ] ::1 /ysk/tp32/Api/user/checkUserName?username=admin
INFO: [ app_begin ] --START--
INFO: Run Behavior\ReadHtmlCache [ RunTime:0.000510s ]
INFO: [ app_begin ] --END-- [ RunTime:0.000846s ]
INFO: [ app_end ] --START--
INFO: Run Behavior\ShowPageTrace [ RunTime:0.000442s ]
INFO: [ app_end ] --END-- [ RunTime:0.000493s ]

[ 2018-01-26T13:59:09+08:00 ] ::1 /ysk/tp32/Api/user/checkUserName?username=admin
INFO: [ app_begin ] --START--
INFO: Run Behavior\ReadHtmlCache [ RunTime:0.000412s ]
INFO: [ app_begin ] --END-- [ RunTime:0.000674s ]
INFO: [ app_end ] --START--
INFO: Run Behavior\ShowPageTrace [ RunTime:0.000413s ]
INFO: [ app_end ] --END-- [ RunTime:0.000458s ]

[ 2018-01-26T13:59:10+08:00 ] ::1 /ysk/tp32/Api/user/checkUserName?username=admin
INFO: [ app_begin ] --START--
INFO: Run Behavior\ReadHtmlCache [ RunTime:0.000501s ]
INFO: [ app_begin ] --END-- [ RunTime:0.000891s ]
INFO: [ app_end ] --START--
INFO: Run Behavior\ShowPageTrace [ RunTime:0.000411s ]
INFO: [ app_end ] --END-- [ RunTime:0.000453s ]

[ 2018-01-26T13:59:11+08:00 ] ::1 /ysk/tp32/Api/user/checkUserName?username=admin
INFO: [ app_begin ] --START--
INFO: Run Behavior\ReadHtmlCache [ RunTime:0.000420s ]
INFO: [ app_begin ] --END-- [ RunTime:0.000702s ]
INFO: [ app_end ] --START--
INFO: Run Behavior\ShowPageTrace [ RunTime:0.000416s ]
INFO: [ app_end ] --END-- [ RunTime:0.000456s ]

[ 2018-01-26T13:59:12+08:00 ] ::1 /ysk/tp32/Api/user/checkUserName?username=admin
INFO: [ app_begin ] --START--
INFO: Run Behavior\ReadHtmlCache [ RunTime:0.000503s ]
INFO: [ app_begin ] --END-- [ RunTime:0.000966s ]
INFO: [ app_end ] --START--
INFO: Run Behavior\ShowPageTrace [ RunTime:0.000420s ]
INFO: [ app_end ] --END-- [ RunTime:0.000471s ]

[ 2018-01-26T13:59:27+08:00 ] ::1 /ysk/tp32/Api/user/checkUserName?username=admin
INFO: [ app_begin ] --START--
INFO: Run Behavior\ReadHtmlCache [ RunTime:0.000420s ]
INFO: [ app_begin ] --END-- [ RunTime:0.000705s ]
INFO: [ app_end ] --START--
INFO: Run Behavior\ShowPageTrace [ RunTime:0.000699s ]
INFO: [ app_end ] --END-- [ RunTime:0.000762s ]

[ 2018-01-26T13:59:46+08:00 ] ::1 /ysk/tp32/Api/user/checkUserName?username=admin
INFO: [ app_begin ] --START--
INFO: Run Behavior\ReadHtmlCache [ RunTime:0.000540s ]
INFO: [ app_begin ] --END-- [ RunTime:0.000821s ]
INFO: [ app_end ] --START--
INFO: Run Behavior\ShowPageTrace [ RunTime:0.000491s ]
INFO: [ app_end ] --END-- [ RunTime:0.000533s ]

[ 2018-01-26T13:59:48+08:00 ] ::1 /ysk/tp32/Api/user/checkUserName?username=admin
INFO: [ app_begin ] --START--
INFO: Run Behavior\ReadHtmlCache [ RunTime:0.000413s ]
INFO: [ app_begin ] --END-- [ RunTime:0.000673s ]
INFO: [ app_end ] --START--
INFO: Run Behavior\ShowPageTrace [ RunTime:0.000408s ]
INFO: [ app_end ] --END-- [ RunTime:0.000448s ]

[ 2018-01-26T14:06:51+08:00 ] ::1 /ysk/tp32/Api/user/checkUserName?username=admin
INFO: [ app_begin ] --START--
INFO: Run Behavior\ReadHtmlCache [ RunTime:0.000497s ]
INFO: [ app_begin ] --END-- [ RunTime:0.000797s ]
NOTIC: [8] Array to string conversion C:\phpStudy\PHPTutorial\WWW\ysk\tp32\Application\Api\Controller\UserController.class.php 第 41 行.
INFO: [ app_end ] --START--
INFO: Run Behavior\ShowPageTrace [ RunTime:0.000526s ]
INFO: [ app_end ] --END-- [ RunTime:0.000564s ]

[ 2018-01-26T14:06:53+08:00 ] ::1 /ysk/tp32/Api/user/checkUserName?username=admin
INFO: [ app_begin ] --START--
INFO: Run Behavior\ReadHtmlCache [ RunTime:0.000416s ]
INFO: [ app_begin ] --END-- [ RunTime:0.000676s ]
NOTIC: [8] Array to string conversion C:\phpStudy\PHPTutorial\WWW\ysk\tp32\Application\Api\Controller\UserController.class.php 第 41 行.
INFO: [ app_end ] --START--
INFO: Run Behavior\ShowPageTrace [ RunTime:0.000436s ]
INFO: [ app_end ] --END-- [ RunTime:0.000473s ]

[ 2018-01-26T14:07:41+08:00 ] ::1 /ysk/tp32/Api/user/checkUserName?username=admin
INFO: [ app_begin ] --START--
INFO: Run Behavior\ReadHtmlCache [ RunTime:0.000405s ]
INFO: [ app_begin ] --END-- [ RunTime:0.000666s ]

[ 2018-01-26T14:08:06+08:00 ] ::1 /ysk/tp32/Api/user/checkUserName?username=admin
INFO: [ app_begin ] --START--
INFO: Run Behavior\ReadHtmlCache [ RunTime:0.000407s ]
INFO: [ app_begin ] --END-- [ RunTime:0.000667s ]
NOTIC: [8] Array to string conversion C:\phpStudy\PHPTutorial\WWW\ysk\tp32\Application\Api\Controller\UserController.class.php 第 41 行.
INFO: [ app_end ] --START--
INFO: Run Behavior\ShowPageTrace [ RunTime:0.000988s ]
INFO: [ app_end ] --END-- [ RunTime:0.001067s ]

[ 2018-01-26T14:08:43+08:00 ] ::1 /ysk/tp32/Api/user/checkUserName?username=admin
INFO: [ app_begin ] --START--
INFO: Run Behavior\ReadHtmlCache [ RunTime:0.000558s ]
INFO: [ app_begin ] --END-- [ RunTime:0.000883s ]
INFO: [ app_end ] --START--
INFO: Run Behavior\ShowPageTrace [ RunTime:0.000417s ]
INFO: [ app_end ] --END-- [ RunTime:0.000458s ]

[ 2018-01-26T14:08:46+08:00 ] ::1 /ysk/tp32/Api/user/checkUserName?username=admin
INFO: [ app_begin ] --START--
INFO: Run Behavior\ReadHtmlCache [ RunTime:0.000419s ]
INFO: [ app_begin ] --END-- [ RunTime:0.000677s ]
INFO: [ app_end ] --START--
INFO: Run Behavior\ShowPageTrace [ RunTime:0.000411s ]
INFO: [ app_end ] --END-- [ RunTime:0.000450s ]

[ 2018-01-26T14:10:10+08:00 ] ::1 /ysk/tp32/Api/user/checkUserName
INFO: [ app_begin ] --START--
INFO: Run Behavior\ReadHtmlCache [ RunTime:0.000627s ]
INFO: [ app_begin ] --END-- [ RunTime:0.000975s ]
INFO: [ app_end ] --START--
INFO: Run Behavior\ShowPageTrace [ RunTime:0.000516s ]
INFO: [ app_end ] --END-- [ RunTime:0.000570s ]

[ 2018-01-26T14:11:13+08:00 ] ::1 /ysk/tp32/Api/user/checkUserName
INFO: [ app_begin ] --START--
INFO: Run Behavior\ReadHtmlCache [ RunTime:0.000421s ]
INFO: [ app_begin ] --END-- [ RunTime:0.000717s ]
INFO: [ app_end ] --START--
INFO: Run Behavior\ShowPageTrace [ RunTime:0.000457s ]
INFO: [ app_end ] --END-- [ RunTime:0.000508s ]

[ 2018-01-26T14:18:13+08:00 ] ::1 /ysk/tp32/Api/user/checkUserName
INFO: [ app_begin ] --START--
INFO: Run Behavior\ReadHtmlCache [ RunTime:0.000490s ]
INFO: [ app_begin ] --END-- [ RunTime:0.000821s ]
INFO: [ app_end ] --START--
INFO: Run Behavior\ShowPageTrace [ RunTime:0.000468s ]
INFO: [ app_end ] --END-- [ RunTime:0.000511s ]

[ 2018-01-26T14:18:27+08:00 ] ::1 /ysk/tp32/Api/user/checkUserName
INFO: [ app_begin ] --START--
INFO: Run Behavior\ReadHtmlCache [ RunTime:0.000542s ]
INFO: [ app_begin ] --END-- [ RunTime:0.001121s ]
INFO: [ app_end ] --START--
INFO: Run Behavior\ShowPageTrace [ RunTime:0.000638s ]
INFO: [ app_end ] --END-- [ RunTime:0.000764s ]

[ 2018-01-26T14:19:23+08:00 ] ::1 /ysk/tp32/Api/user/checkUserName
INFO: [ app_begin ] --START--
INFO: Run Behavior\ReadHtmlCache [ RunTime:0.000410s ]
INFO: [ app_begin ] --END-- [ RunTime:0.000687s ]
INFO: [ app_end ] --START--
INFO: Run Behavior\ShowPageTrace [ RunTime:0.000410s ]
INFO: [ app_end ] --END-- [ RunTime:0.000453s ]

[ 2018-01-26T14:20:53+08:00 ] ::1 /ysk/tp32/Api/user/checkUserName
INFO: [ app_begin ] --START--
INFO: Run Behavior\ReadHtmlCache [ RunTime:0.000496s ]
INFO: [ app_begin ] --END-- [ RunTime:0.000797s ]
INFO: [ app_end ] --START--
INFO: Run Behavior\ShowPageTrace [ RunTime:0.000482s ]
INFO: [ app_end ] --END-- [ RunTime:0.000525s ]

[ 2018-01-26T14:20:53+08:00 ] ::1 /ysk/tp32/Api/user/checkUserName
INFO: [ app_begin ] --START--
INFO: Run Behavior\ReadHtmlCache [ RunTime:0.000398s ]
INFO: [ app_begin ] --END-- [ RunTime:0.000705s ]
INFO: [ app_end ] --START--
INFO: Run Behavior\ShowPageTrace [ RunTime:0.000405s ]
INFO: [ app_end ] --END-- [ RunTime:0.000447s ]

[ 2018-01-26T14:22:21+08:00 ] ::1 /ysk/tp32/Api/user/checkUserName
INFO: [ app_begin ] --START--
INFO: Run Behavior\ReadHtmlCache [ RunTime:0.000439s ]
INFO: [ app_begin ] --END-- [ RunTime:0.000737s ]
INFO: [ app_end ] --START--
INFO: Run Behavior\ShowPageTrace [ RunTime:0.000446s ]
INFO: [ app_end ] --END-- [ RunTime:0.000488s ]

[ 2018-01-26T14:22:21+08:00 ] ::1 /ysk/tp32/Api/user/checkUserName
INFO: [ app_begin ] --START--
INFO: Run Behavior\ReadHtmlCache [ RunTime:0.000402s ]
INFO: [ app_begin ] --END-- [ RunTime:0.000666s ]
INFO: [ app_end ] --START--
INFO: Run Behavior\ShowPageTrace [ RunTime:0.000408s ]
INFO: [ app_end ] --END-- [ RunTime:0.000450s ]

[ 2018-01-26T14:22:25+08:00 ] ::1 /ysk/tp32/Api/user/checkUserName
INFO: [ app_begin ] --START--
INFO: Run Behavior\ReadHtmlCache [ RunTime:0.000499s ]
INFO: [ app_begin ] --END-- [ RunTime:0.000840s ]
INFO: [ app_end ] --START--
INFO: Run Behavior\ShowPageTrace [ RunTime:0.000406s ]
INFO: [ app_end ] --END-- [ RunTime:0.000448s ]

[ 2018-01-26T14:22:32+08:00 ] ::1 /ysk/tp32/Api/user/checkUserName
INFO: [ app_begin ] --START--
INFO: Run Behavior\ReadHtmlCache [ RunTime:0.000441s ]
INFO: [ app_begin ] --END-- [ RunTime:0.000716s ]
INFO: [ app_end ] --START--
INFO: Run Behavior\ShowPageTrace [ RunTime:0.000428s ]
INFO: [ app_end ] --END-- [ RunTime:0.000470s ]

[ 2018-01-26T14:22:33+08:00 ] ::1 /ysk/tp32/Api/user/checkUserName
INFO: [ app_begin ] --START--
INFO: Run Behavior\ReadHtmlCache [ RunTime:0.000399s ]
INFO: [ app_begin ] --END-- [ RunTime:0.000668s ]
INFO: [ app_end ] --START--
INFO: Run Behavior\ShowPageTrace [ RunTime:0.000412s ]
INFO: [ app_end ] --END-- [ RunTime:0.000454s ]

[ 2018-01-26T14:22:35+08:00 ] ::1 /ysk/tp32/Api/user/checkUserName
INFO: [ app_begin ] --START--
INFO: Run Behavior\ReadHtmlCache [ RunTime:0.000403s ]
INFO: [ app_begin ] --END-- [ RunTime:0.000722s ]
INFO: [ app_end ] --START--
INFO: Run Behavior\ShowPageTrace [ RunTime:0.000450s ]
INFO: [ app_end ] --END-- [ RunTime:0.000493s ]

[ 2018-01-26T14:22:37+08:00 ] ::1 /ysk/tp32/Api/user/checkUserName
INFO: [ app_begin ] --START--
INFO: Run Behavior\ReadHtmlCache [ RunTime:0.000436s ]
INFO: [ app_begin ] --END-- [ RunTime:0.000711s ]
INFO: [ app_end ] --START--
INFO: Run Behavior\ShowPageTrace [ RunTime:0.000411s ]
INFO: [ app_end ] --END-- [ RunTime:0.000452s ]

[ 2018-01-26T14:23:30+08:00 ] ::1 /ysk/tp32/Api/user/checkUserName
INFO: [ app_begin ] --START--
INFO: Run Behavior\ReadHtmlCache [ RunTime:0.000706s ]
INFO: [ app_begin ] --END-- [ RunTime:0.001275s ]
INFO: [ app_end ] --START--
INFO: Run Behavior\ShowPageTrace [ RunTime:0.000944s ]
INFO: [ app_end ] --END-- [ RunTime:0.001082s ]

[ 2018-01-26T14:23:31+08:00 ] ::1 /ysk/tp32/Api/user/checkUserName
INFO: [ app_begin ] --START--
INFO: Run Behavior\ReadHtmlCache [ RunTime:0.000412s ]
INFO: [ app_begin ] --END-- [ RunTime:0.000731s ]
INFO: [ app_end ] --START--
INFO: Run Behavior\ShowPageTrace [ RunTime:0.000450s ]
INFO: [ app_end ] --END-- [ RunTime:0.000524s ]

[ 2018-01-26T14:23:32+08:00 ] ::1 /ysk/tp32/Api/user/checkUserName
INFO: [ app_begin ] --START--
INFO: Run Behavior\ReadHtmlCache [ RunTime:0.000470s ]
INFO: [ app_begin ] --END-- [ RunTime:0.000797s ]
INFO: [ app_end ] --START--
INFO: Run Behavior\ShowPageTrace [ RunTime:0.000481s ]
INFO: [ app_end ] --END-- [ RunTime:0.000531s ]

[ 2018-01-26T14:23:34+08:00 ] ::1 /ysk/tp32/Api/user/checkUserName
INFO: [ app_begin ] --START--
INFO: Run Behavior\ReadHtmlCache [ RunTime:0.000809s ]
INFO: [ app_begin ] --END-- [ RunTime:0.001264s ]
INFO: [ app_end ] --START--
INFO: Run Behavior\ShowPageTrace [ RunTime:0.000412s ]
INFO: [ app_end ] --END-- [ RunTime:0.000459s ]

[ 2018-01-26T14:26:37+08:00 ] ::1 /ysk/tp32/Api/user/checkUserName
INFO: [ app_begin ] --START--
INFO: Run Behavior\ReadHtmlCache [ RunTime:0.000503s ]
INFO: [ app_begin ] --END-- [ RunTime:0.000880s ]
INFO: [ app_end ] --START--
INFO: Run Behavior\ShowPageTrace [ RunTime:0.000514s ]
INFO: [ app_end ] --END-- [ RunTime:0.000557s ]

[ 2018-01-26T14:26:37+08:00 ] ::1 /ysk/tp32/Api/user/checkUserName
INFO: [ app_begin ] --START--
INFO: Run Behavior\ReadHtmlCache [ RunTime:0.000400s ]
INFO: [ app_begin ] --END-- [ RunTime:0.000674s ]
INFO: [ app_end ] --START--
INFO: Run Behavior\ShowPageTrace [ RunTime:0.000407s ]
INFO: [ app_end ] --END-- [ RunTime:0.000450s ]

[ 2018-01-26T14:27:38+08:00 ] ::1 /ysk/tp32/Api/user/checkUserName
INFO: [ app_begin ] --START--
INFO: Run Behavior\ReadHtmlCache [ RunTime:0.000455s ]
INFO: [ app_begin ] --END-- [ RunTime:0.000811s ]
INFO: [ app_end ] --START--
INFO: Run Behavior\ShowPageTrace [ RunTime:0.000437s ]
INFO: [ app_end ] --END-- [ RunTime:0.000480s ]

[ 2018-01-26T14:27:38+08:00 ] ::1 /ysk/tp32/Api/user/checkUserName
INFO: [ app_begin ] --START--
INFO: Run Behavior\ReadHtmlCache [ RunTime:0.000402s ]
INFO: [ app_begin ] --END-- [ RunTime:0.000668s ]
INFO: [ app_end ] --START--
INFO: Run Behavior\ShowPageTrace [ RunTime:0.000419s ]
INFO: [ app_end ] --END-- [ RunTime:0.000463s ]

[ 2018-01-26T14:29:24+08:00 ] ::1 /ysk/tp32/Api/user/checkUserName
INFO: [ app_begin ] --START--
INFO: Run Behavior\ReadHtmlCache [ RunTime:0.000713s ]
INFO: [ app_begin ] --END-- [ RunTime:0.001009s ]
INFO: [ app_end ] --START--
INFO: Run Behavior\ShowPageTrace [ RunTime:0.000640s ]
INFO: [ app_end ] --END-- [ RunTime:0.000716s ]

[ 2018-01-26T14:29:24+08:00 ] ::1 /ysk/tp32/Api/user/checkUserName
INFO: [ app_begin ] --START--
INFO: Run Behavior\ReadHtmlCache [ RunTime:0.000394s ]
INFO: [ app_begin ] --END-- [ RunTime:0.000660s ]
INFO: [ app_end ] --START--
INFO: Run Behavior\ShowPageTrace [ RunTime:0.000404s ]
INFO: [ app_end ] --END-- [ RunTime:0.000445s ]

[ 2018-01-26T14:40:11+08:00 ] ::1 /ysk/tp32/Api/user/checkUserName
INFO: [ app_begin ] --START--
INFO: Run Behavior\ReadHtmlCache [ RunTime:0.000594s ]
INFO: [ app_begin ] --END-- [ RunTime:0.000939s ]
INFO: [ app_end ] --START--
INFO: Run Behavior\ShowPageTrace [ RunTime:0.000633s ]
INFO: [ app_end ] --END-- [ RunTime:0.000690s ]

[ 2018-01-26T14:40:11+08:00 ] ::1 /ysk/tp32/Api/user/checkUserName
INFO: [ app_begin ] --START--
INFO: Run Behavior\ReadHtmlCache [ RunTime:0.000437s ]
INFO: [ app_begin ] --END-- [ RunTime:0.000716s ]
INFO: [ app_end ] --START--
INFO: Run Behavior\ShowPageTrace [ RunTime:0.000417s ]
INFO: [ app_end ] --END-- [ RunTime:0.000487s ]

[ 2018-01-26T14:40:12+08:00 ] ::1 /ysk/tp32/index.php
INFO: [ app_begin ] --START--
INFO: Run Behavior\ReadHtmlCache [ RunTime:0.000757s ]
INFO: [ app_begin ] --END-- [ RunTime:0.001233s ]
INFO: [ app_end ] --START--
INFO: Run Behavior\ShowPageTrace [ RunTime:0.000621s ]
INFO: [ app_end ] --END-- [ RunTime:0.000673s ]

[ 2018-01-26T14:40:16+08:00 ] ::1 /ysk/tp32/Api/user/checkUserName
INFO: [ app_begin ] --START--
INFO: Run Behavior\ReadHtmlCache [ RunTime:0.000399s ]
INFO: [ app_begin ] --END-- [ RunTime:0.000669s ]
INFO: [ app_end ] --START--
INFO: Run Behavior\ShowPageTrace [ RunTime:0.000403s ]
INFO: [ app_end ] --END-- [ RunTime:0.000445s ]

[ 2018-01-26T14:40:18+08:00 ] ::1 /ysk/tp32/Api/user/checkUserName
INFO: [ app_begin ] --START--
INFO: Run Behavior\ReadHtmlCache [ RunTime:0.000488s ]
INFO: [ app_begin ] --END-- [ RunTime:0.000781s ]
INFO: [ app_end ] --START--
INFO: Run Behavior\ShowPageTrace [ RunTime:0.000501s ]
INFO: [ app_end ] --END-- [ RunTime:0.000603s ]

[ 2018-01-26T14:40:18+08:00 ] ::1 /ysk/tp32/Api/user/checkUserName
INFO: [ app_begin ] --START--
INFO: Run Behavior\ReadHtmlCache [ RunTime:0.000396s ]
INFO: [ app_begin ] --END-- [ RunTime:0.000656s ]
INFO: [ app_end ] --START--
INFO: Run Behavior\ShowPageTrace [ RunTime:0.000409s ]
INFO: [ app_end ] --END-- [ RunTime:0.000452s ]

[ 2018-01-26T14:40:19+08:00 ] ::1 /ysk/tp32/Api/user/checkUserName
INFO: [ app_begin ] --START--
INFO: Run Behavior\ReadHtmlCache [ RunTime:0.000402s ]
INFO: [ app_begin ] --END-- [ RunTime:0.000684s ]
INFO: [ app_end ] --START--
INFO: Run Behavior\ShowPageTrace [ RunTime:0.000405s ]
INFO: [ app_end ] --END-- [ RunTime:0.000446s ]

[ 2018-01-26T14:40:19+08:00 ] ::1 /ysk/tp32/Api/user/checkUserName
INFO: [ app_begin ] --START--
INFO: Run Behavior\ReadHtmlCache [ RunTime:0.000509s ]
INFO: [ app_begin ] --END-- [ RunTime:0.000776s ]
INFO: [ app_end ] --START--
INFO: Run Behavior\ShowPageTrace [ RunTime:0.000414s ]
INFO: [ app_end ] --END-- [ RunTime:0.000456s ]

[ 2018-01-26T14:40:46+08:00 ] ::1 /ysk/tp32/Api/user/checkUserName?username=admin
INFO: [ app_begin ] --START--
INFO: Run Behavior\ReadHtmlCache [ RunTime:0.000424s ]
INFO: [ app_begin ] --END-- [ RunTime:0.000753s ]
INFO: [ app_end ] --START--
INFO: Run Behavior\ShowPageTrace [ RunTime:0.000491s ]
INFO: [ app_end ] --END-- [ RunTime:0.000542s ]

[ 2018-01-26T14:41:52+08:00 ] ::1 /ysk/tp32/Api/user/checkUserName?username=admin
INFO: [ app_begin ] --START--
INFO: Run Behavior\ReadHtmlCache [ RunTime:0.000471s ]
INFO: [ app_begin ] --END-- [ RunTime:0.000783s ]
NOTIC: [8] Use of undefined constant username - assumed 'username' C:\phpStudy\PHPTutorial\WWW\ysk\tp32\Application\Api\Controller\UserController.class.php 第 40 行.
INFO: [ app_end ] --START--
INFO: Run Behavior\ShowPageTrace [ RunTime:0.001468s ]
INFO: [ app_end ] --END-- [ RunTime:0.001616s ]

[ 2018-01-26T14:42:16+08:00 ] ::1 /ysk/tp32/Api/user/checkUserName?username=admin
INFO: [ app_begin ] --START--
INFO: Run Behavior\ReadHtmlCache [ RunTime:0.000579s ]
INFO: [ app_begin ] --END-- [ RunTime:0.000974s ]
INFO: [ app_end ] --START--
INFO: Run Behavior\ShowPageTrace [ RunTime:0.000497s ]
INFO: [ app_end ] --END-- [ RunTime:0.000540s ]

[ 2018-01-26T14:42:50+08:00 ] ::1 /ysk/tp32/Api/user/checkUserName?username=admin
INFO: [ app_begin ] --START--
INFO: Run Behavior\ReadHtmlCache [ RunTime:0.000409s ]
INFO: [ app_begin ] --END-- [ RunTime:0.000699s ]
INFO: [ app_end ] --START--
INFO: Run Behavior\ShowPageTrace [ RunTime:0.000410s ]
INFO: [ app_end ] --END-- [ RunTime:0.000449s ]

[ 2018-01-26T14:43:29+08:00 ] ::1 /ysk/tp32/Api/user/checkUserName?username=admin
INFO: [ app_begin ] --START--
INFO: Run Behavior\ReadHtmlCache [ RunTime:0.000409s ]
INFO: [ app_begin ] --END-- [ RunTime:0.000671s ]
NOTIC: [8] Use of undefined constant username - assumed 'username' C:\phpStudy\PHPTutorial\WWW\ysk\tp32\Application\Api\Controller\UserController.class.php 第 40 行.
INFO: [ app_end ] --START--
INFO: Run Behavior\ShowPageTrace [ RunTime:0.000414s ]
INFO: [ app_end ] --END-- [ RunTime:0.000452s ]

[ 2018-01-26T14:43:45+08:00 ] ::1 /ysk/tp32/Api/user/checkUserName?username=admin
INFO: [ app_begin ] --START--
INFO: Run Behavior\ReadHtmlCache [ RunTime:0.000445s ]
INFO: [ app_begin ] --END-- [ RunTime:0.000775s ]
INFO: [ app_end ] --START--
INFO: Run Behavior\ShowPageTrace [ RunTime:0.000507s ]
INFO: [ app_end ] --END-- [ RunTime:0.000557s ]

[ 2018-01-26T14:44:00+08:00 ] ::1 /ysk/tp32/Api/user/checkUserName?username=admin
INFO: [ app_begin ] --START--
INFO: Run Behavior\ReadHtmlCache [ RunTime:0.000403s ]
INFO: [ app_begin ] --END-- [ RunTime:0.000663s ]
INFO: [ app_end ] --START--
INFO: Run Behavior\ShowPageTrace [ RunTime:0.000411s ]
INFO: [ app_end ] --END-- [ RunTime:0.000449s ]

[ 2018-01-26T14:44:18+08:00 ] ::1 /ysk/tp32/Api/user/checkUserName?username=admin
INFO: [ app_begin ] --START--
INFO: Run Behavior\ReadHtmlCache [ RunTime:0.000493s ]
INFO: [ app_begin ] --END-- [ RunTime:0.000779s ]
NOTIC: [8] Use of undefined constant username - assumed 'username' C:\phpStudy\PHPTutorial\WWW\ysk\tp32\Application\Api\Controller\UserController.class.php 第 40 行.
INFO: [ app_end ] --START--
INFO: Run Behavior\ShowPageTrace [ RunTime:0.000704s ]
INFO: [ app_end ] --END-- [ RunTime:0.000749s ]

[ 2018-01-26T14:44:53+08:00 ] ::1 /ysk/tp32/Api/user/checkUserName?username=admin
INFO: [ app_begin ] --START--
INFO: Run Behavior\ReadHtmlCache [ RunTime:0.000406s ]
INFO: [ app_begin ] --END-- [ RunTime:0.000664s ]
NOTIC: [8] Use of undefined constant username - assumed 'username' C:\phpStudy\PHPTutorial\WWW\ysk\tp32\Application\Api\Controller\UserController.class.php 第 41 行.
INFO: [ app_end ] --START--
INFO: Run Behavior\ShowPageTrace [ RunTime:0.000405s ]
INFO: [ app_end ] --END-- [ RunTime:0.000442s ]

[ 2018-01-26T14:46:38+08:00 ] ::1 /ysk/tp32/Api/user/checkUserName?username=admin
INFO: [ app_begin ] --START--
INFO: Run Behavior\ReadHtmlCache [ RunTime:0.000583s ]
INFO: [ app_begin ] --END-- [ RunTime:0.000953s ]
SQL: SHOW COLUMNS FROM `user` [ RunTime:0.008030s ]
ERR: 1146:Table 'yskdemo.user' doesn't exist
 [ SQL语句 ] : SHOW COLUMNS FROM `user`
NOTIC: [8] Use of undefined constant username - assumed 'username' C:\phpStudy\PHPTutorial\WWW\ysk\tp32\Application\Api\Controller\UserController.class.php 第 41 行.
ERR: Think\Model:checkPwd方法不存在！

[ 2018-01-26T14:46:54+08:00 ] ::1 /ysk/tp32/Api/user/checkUserName?username=admin
INFO: [ app_begin ] --START--
INFO: Run Behavior\ReadHtmlCache [ RunTime:0.000430s ]
INFO: [ app_begin ] --END-- [ RunTime:0.000843s ]
SQL: SHOW COLUMNS FROM `user` [ RunTime:0.006577s ]
ERR: 1146:Table 'yskdemo.user' doesn't exist
 [ SQL语句 ] : SHOW COLUMNS FROM `user`
NOTIC: [8] Use of undefined constant username - assumed 'username' C:\phpStudy\PHPTutorial\WWW\ysk\tp32\Application\Api\Controller\UserController.class.php 第 41 行.
ERR: Think\Model:checkPsd方法不存在！

[ 2018-01-26T14:46:57+08:00 ] ::1 /ysk/tp32/Api/user/checkUserName?username=admin
INFO: [ app_begin ] --START--
INFO: Run Behavior\ReadHtmlCache [ RunTime:0.000433s ]
INFO: [ app_begin ] --END-- [ RunTime:0.000712s ]
SQL: SHOW COLUMNS FROM `user` [ RunTime:0.007433s ]
ERR: 1146:Table 'yskdemo.user' doesn't exist
 [ SQL语句 ] : SHOW COLUMNS FROM `user`
NOTIC: [8] Use of undefined constant username - assumed 'username' C:\phpStudy\PHPTutorial\WWW\ysk\tp32\Application\Api\Controller\UserController.class.php 第 41 行.
ERR: Think\Model:checkPsd方法不存在！

[ 2018-01-26T14:48:06+08:00 ] ::1 /ysk/tp32/Api/user/checkUserName?username=admin
INFO: [ app_begin ] --START--
INFO: Run Behavior\ReadHtmlCache [ RunTime:0.000520s ]
INFO: [ app_begin ] --END-- [ RunTime:0.000840s ]
SQL: SHOW COLUMNS FROM `user` [ RunTime:0.005742s ]
ERR: 1146:Table 'yskdemo.user' doesn't exist
 [ SQL语句 ] : SHOW COLUMNS FROM `user`
NOTIC: [8] Use of undefined constant username - assumed 'username' C:\phpStudy\PHPTutorial\WWW\ysk\tp32\Application\Api\Controller\UserController.class.php 第 41 行.
ERR: Think\Model:checkPsd方法不存在！

[ 2018-01-26T14:48:09+08:00 ] ::1 /ysk/tp32/Api/user/checkUserName?username=admin
INFO: [ app_begin ] --START--
INFO: Run Behavior\ReadHtmlCache [ RunTime:0.000410s ]
INFO: [ app_begin ] --END-- [ RunTime:0.000685s ]
SQL: SHOW COLUMNS FROM `user` [ RunTime:0.007332s ]
ERR: 1146:Table 'yskdemo.user' doesn't exist
 [ SQL语句 ] : SHOW COLUMNS FROM `user`
NOTIC: [8] Use of undefined constant username - assumed 'username' C:\phpStudy\PHPTutorial\WWW\ysk\tp32\Application\Api\Controller\UserController.class.php 第 41 行.
ERR: Think\Model:checkPsd方法不存在！

[ 2018-01-26T14:49:21+08:00 ] ::1 /ysk/tp32/Api/user/checkUserName?username=admin
INFO: [ app_begin ] --START--
INFO: Run Behavior\ReadHtmlCache [ RunTime:0.000491s ]
INFO: [ app_begin ] --END-- [ RunTime:0.000781s ]
SQL: SHOW COLUMNS FROM `user` [ RunTime:0.006323s ]
ERR: 1146:Table 'yskdemo.user' doesn't exist
 [ SQL语句 ] : SHOW COLUMNS FROM `user`
NOTIC: [8] Use of undefined constant username - assumed 'username' C:\phpStudy\PHPTutorial\WWW\ysk\tp32\Application\Api\Controller\UserController.class.php 第 41 行.
ERR: Think\Model:checkPsd方法不存在！

[ 2018-01-26T14:49:36+08:00 ] ::1 /ysk/tp32/Api/user/checkUserName?username=admin
INFO: [ app_begin ] --START--
INFO: Run Behavior\ReadHtmlCache [ RunTime:0.000483s ]
INFO: [ app_begin ] --END-- [ RunTime:0.000821s ]
INFO: [ app_end ] --START--
INFO: Run Behavior\ShowPageTrace [ RunTime:0.000653s ]
INFO: [ app_end ] --END-- [ RunTime:0.000715s ]

[ 2018-01-26T14:49:40+08:00 ] ::1 /ysk/tp32/Api/user/checkUserName?username=admin
INFO: [ app_begin ] --START--
INFO: Run Behavior\ReadHtmlCache [ RunTime:0.000404s ]
INFO: [ app_begin ] --END-- [ RunTime:0.000667s ]
INFO: [ app_end ] --START--
INFO: Run Behavior\ShowPageTrace [ RunTime:0.000405s ]
INFO: [ app_end ] --END-- [ RunTime:0.000447s ]

[ 2018-01-26T14:50:21+08:00 ] ::1 /ysk/tp32/Api/user/checkUserName?username=admin
INFO: [ app_begin ] --START--
INFO: Run Behavior\ReadHtmlCache [ RunTime:0.000473s ]
INFO: [ app_begin ] --END-- [ RunTime:0.000765s ]
SQL: SHOW COLUMNS FROM `user` [ RunTime:0.005453s ]
ERR: 1146:Table 'yskdemo.user' doesn't exist
 [ SQL语句 ] : SHOW COLUMNS FROM `user`
NOTIC: [8] Use of undefined constant username - assumed 'username' C:\phpStudy\PHPTutorial\WWW\ysk\tp32\Application\Api\Controller\UserController.class.php 第 42 行.
ERR: Think\Model:checkPsd方法不存在！

[ 2018-01-26T14:55:26+08:00 ] ::1 /ysk/tp32/Api/user/checkUserName?username=admin
INFO: [ app_begin ] --START--
INFO: Run Behavior\ReadHtmlCache [ RunTime:0.000494s ]
INFO: [ app_begin ] --END-- [ RunTime:0.000785s ]
SQL: SHOW COLUMNS FROM `user` [ RunTime:0.008275s ]
ERR: 1146:Table 'yskdemo.user' doesn't exist
 [ SQL语句 ] : SHOW COLUMNS FROM `user`
NOTIC: [8] Use of undefined constant username - assumed 'username' C:\phpStudy\PHPTutorial\WWW\ysk\tp32\Application\Api\Controller\UserController.class.php 第 42 行.
SQL: SHOW COLUMNS FROM `admin` [ RunTime:0.010944s ]
SQL: SELECT COUNT(*) AS tp_count FROM `admin` WHERE ( `username` = 'username' ) LIMIT 1   [ RunTime:0.000326s ]
INFO: [ app_end ] --START--
INFO: Run Behavior\ShowPageTrace [ RunTime:0.000883s ]
INFO: [ app_end ] --END-- [ RunTime:0.000945s ]

[ 2018-01-26T14:55:46+08:00 ] ::1 /ysk/tp32/Api/user/checkUserName?username=admin
INFO: [ app_begin ] --START--
INFO: Run Behavior\ReadHtmlCache [ RunTime:0.000423s ]
INFO: [ app_begin ] --END-- [ RunTime:0.000691s ]
SQL: SHOW COLUMNS FROM `user` [ RunTime:0.005885s ]
ERR: 1146:Table 'yskdemo.user' doesn't exist
 [ SQL语句 ] : SHOW COLUMNS FROM `user`
NOTIC: [8] Use of undefined constant username - assumed 'username' C:\phpStudy\PHPTutorial\WWW\ysk\tp32\Application\Api\Controller\UserController.class.php 第 42 行.
SQL: SHOW COLUMNS FROM `admin` [ RunTime:0.006483s ]
SQL: SELECT COUNT(*) AS tp_count FROM `admin` WHERE ( `username` = 'username' ) LIMIT 1   [ RunTime:0.000201s ]
INFO: [ app_end ] --START--
INFO: Run Behavior\ShowPageTrace [ RunTime:0.000460s ]
INFO: [ app_end ] --END-- [ RunTime:0.000496s ]

[ 2018-01-26T14:56:04+08:00 ] ::1 /ysk/tp32/Api/user/checkUserName?username=admin
INFO: [ app_begin ] --START--
INFO: Run Behavior\ReadHtmlCache [ RunTime:0.000464s ]
INFO: [ app_begin ] --END-- [ RunTime:0.000757s ]
SQL: SHOW COLUMNS FROM `user` [ RunTime:0.005799s ]
ERR: 1146:Table 'yskdemo.user' doesn't exist
 [ SQL语句 ] : SHOW COLUMNS FROM `user`
NOTIC: [8] Use of undefined constant username - assumed 'username' C:\phpStudy\PHPTutorial\WWW\ysk\tp32\Application\Api\Controller\UserController.class.php 第 42 行.
SQL: SHOW COLUMNS FROM `admin` [ RunTime:0.006493s ]
SQL: SELECT COUNT(*) AS tp_count FROM `admin` WHERE ( `username` = 'username' ) LIMIT 1   [ RunTime:0.000217s ]
NOTIC: [8] Array to string conversion C:\phpStudy\PHPTutorial\WWW\ysk\tp32\Application\Api\Controller\UserController.class.php 第 43 行.
INFO: [ app_end ] --START--
INFO: Run Behavior\ShowPageTrace [ RunTime:0.000457s ]
INFO: [ app_end ] --END-- [ RunTime:0.000494s ]

[ 2018-01-26T14:56:23+08:00 ] ::1 /ysk/tp32/Api/user/checkUserName?username=admin
INFO: [ app_begin ] --START--
INFO: Run Behavior\ReadHtmlCache [ RunTime:0.002811s ]
INFO: [ app_begin ] --END-- [ RunTime:0.003229s ]
SQL: SHOW COLUMNS FROM `user` [ RunTime:0.005686s ]
ERR: 1146:Table 'yskdemo.user' doesn't exist
 [ SQL语句 ] : SHOW COLUMNS FROM `user`
NOTIC: [8] Use of undefined constant username - assumed 'username' C:\phpStudy\PHPTutorial\WWW\ysk\tp32\Application\Api\Controller\UserController.class.php 第 42 行.
SQL: SHOW COLUMNS FROM `admin` [ RunTime:0.007875s ]
SQL: SELECT COUNT(*) AS tp_count FROM `admin` WHERE ( `username` = 'username' ) LIMIT 1   [ RunTime:0.000153s ]
NOTIC: [8] Array to string conversion C:\phpStudy\PHPTutorial\WWW\ysk\tp32\Application\Api\Controller\UserController.class.php 第 43 行.
INFO: [ app_end ] --START--
INFO: Run Behavior\ShowPageTrace [ RunTime:0.000459s ]
INFO: [ app_end ] --END-- [ RunTime:0.000495s ]

[ 2018-01-26T14:56:28+08:00 ] ::1 /ysk/tp32/Api/user/checkUserName?username=admin
INFO: [ app_begin ] --START--
INFO: Run Behavior\ReadHtmlCache [ RunTime:0.000448s ]
INFO: [ app_begin ] --END-- [ RunTime:0.000864s ]
SQL: SHOW COLUMNS FROM `user` [ RunTime:0.023233s ]
ERR: 1146:Table 'yskdemo.user' doesn't exist
 [ SQL语句 ] : SHOW COLUMNS FROM `user`
NOTIC: [8] Use of undefined constant username - assumed 'username' C:\phpStudy\PHPTutorial\WWW\ysk\tp32\Application\Api\Controller\UserController.class.php 第 42 行.
SQL: SHOW COLUMNS FROM `admin` [ RunTime:0.059041s ]
SQL: SELECT COUNT(*) AS tp_count FROM `admin` WHERE ( `username` = 'username' ) LIMIT 1   [ RunTime:0.000206s ]
NOTIC: [8] Array to string conversion C:\phpStudy\PHPTutorial\WWW\ysk\tp32\Application\Api\Controller\UserController.class.php 第 43 行.
INFO: [ app_end ] --START--
INFO: Run Behavior\ShowPageTrace [ RunTime:0.000465s ]
INFO: [ app_end ] --END-- [ RunTime:0.000501s ]

[ 2018-01-26T14:56:31+08:00 ] ::1 /ysk/tp32/Api/user/checkUserName?username=admin
INFO: [ app_begin ] --START--
INFO: Run Behavior\ReadHtmlCache [ RunTime:0.000426s ]
INFO: [ app_begin ] --END-- [ RunTime:0.000803s ]
SQL: SHOW COLUMNS FROM `user` [ RunTime:0.005847s ]
ERR: 1146:Table 'yskdemo.user' doesn't exist
 [ SQL语句 ] : SHOW COLUMNS FROM `user`
NOTIC: [8] Use of undefined constant username - assumed 'username' C:\phpStudy\PHPTutorial\WWW\ysk\tp32\Application\Api\Controller\UserController.class.php 第 42 行.
SQL: SHOW COLUMNS FROM `admin` [ RunTime:0.007540s ]
SQL: SELECT COUNT(*) AS tp_count FROM `admin` WHERE ( `username` = 'username' ) LIMIT 1   [ RunTime:0.000209s ]
NOTIC: [8] Array to string conversion C:\phpStudy\PHPTutorial\WWW\ysk\tp32\Application\Api\Controller\UserController.class.php 第 43 行.
INFO: [ app_end ] --START--
INFO: Run Behavior\ShowPageTrace [ RunTime:0.000474s ]
INFO: [ app_end ] --END-- [ RunTime:0.000510s ]

[ 2018-01-26T14:56:32+08:00 ] ::1 /ysk/tp32/Api/user/checkUserName?username=admin
INFO: [ app_begin ] --START--
INFO: Run Behavior\ReadHtmlCache [ RunTime:0.000406s ]
INFO: [ app_begin ] --END-- [ RunTime:0.000665s ]
SQL: SHOW COLUMNS FROM `user` [ RunTime:0.005294s ]
ERR: 1146:Table 'yskdemo.user' doesn't exist
 [ SQL语句 ] : SHOW COLUMNS FROM `user`
NOTIC: [8] Use of undefined constant username - assumed 'username' C:\phpStudy\PHPTutorial\WWW\ysk\tp32\Application\Api\Controller\UserController.class.php 第 42 行.
SQL: SHOW COLUMNS FROM `admin` [ RunTime:0.007040s ]
SQL: SELECT COUNT(*) AS tp_count FROM `admin` WHERE ( `username` = 'username' ) LIMIT 1   [ RunTime:0.000213s ]
NOTIC: [8] Array to string conversion C:\phpStudy\PHPTutorial\WWW\ysk\tp32\Application\Api\Controller\UserController.class.php 第 43 行.
INFO: [ app_end ] --START--
INFO: Run Behavior\ShowPageTrace [ RunTime:0.000592s ]
INFO: [ app_end ] --END-- [ RunTime:0.000631s ]

[ 2018-01-26T14:56:33+08:00 ] ::1 /ysk/tp32/Api/user/checkUserName?username=admin
INFO: [ app_begin ] --START--
INFO: Run Behavior\ReadHtmlCache [ RunTime:0.000408s ]
INFO: [ app_begin ] --END-- [ RunTime:0.000663s ]
SQL: SHOW COLUMNS FROM `user` [ RunTime:0.007402s ]
ERR: 1146:Table 'yskdemo.user' doesn't exist
 [ SQL语句 ] : SHOW COLUMNS FROM `user`
NOTIC: [8] Use of undefined constant username - assumed 'username' C:\phpStudy\PHPTutorial\WWW\ysk\tp32\Application\Api\Controller\UserController.class.php 第 42 行.
SQL: SHOW COLUMNS FROM `admin` [ RunTime:0.006690s ]
SQL: SELECT COUNT(*) AS tp_count FROM `admin` WHERE ( `username` = 'username' ) LIMIT 1   [ RunTime:0.000204s ]
NOTIC: [8] Array to string conversion C:\phpStudy\PHPTutorial\WWW\ysk\tp32\Application\Api\Controller\UserController.class.php 第 43 行.
INFO: [ app_end ] --START--
INFO: Run Behavior\ShowPageTrace [ RunTime:0.000455s ]
INFO: [ app_end ] --END-- [ RunTime:0.000499s ]

[ 2018-01-26T14:56:45+08:00 ] ::1 /ysk/tp32/Api/user/checkUserName?username=admin
INFO: [ app_begin ] --START--
INFO: Run Behavior\ReadHtmlCache [ RunTime:0.000413s ]
INFO: [ app_begin ] --END-- [ RunTime:0.000681s ]
SQL: SHOW COLUMNS FROM `user` [ RunTime:0.006988s ]
ERR: 1146:Table 'yskdemo.user' doesn't exist
 [ SQL语句 ] : SHOW COLUMNS FROM `user`
NOTIC: [8] Use of undefined constant username - assumed 'username' C:\phpStudy\PHPTutorial\WWW\ysk\tp32\Application\Api\Controller\UserController.class.php 第 42 行.
SQL: SHOW COLUMNS FROM `admin` [ RunTime:0.008789s ]
SQL: SELECT COUNT(*) AS tp_count FROM `admin` WHERE ( `username` = 'username' ) LIMIT 1   [ RunTime:0.000264s ]
NOTIC: [8] Array to string conversion C:\phpStudy\PHPTutorial\WWW\ysk\tp32\Application\Api\Controller\UserController.class.php 第 43 行.
INFO: [ app_end ] --START--
INFO: Run Behavior\ShowPageTrace [ RunTime:0.000668s ]
INFO: [ app_end ] --END-- [ RunTime:0.000723s ]

[ 2018-01-26T14:56:49+08:00 ] ::1 /ysk/tp32/Api/user/checkUserName?username=admin
INFO: [ app_begin ] --START--
INFO: Run Behavior\ReadHtmlCache [ RunTime:0.000425s ]
INFO: [ app_begin ] --END-- [ RunTime:0.000673s ]
SQL: SHOW COLUMNS FROM `user` [ RunTime:0.011238s ]
ERR: 1146:Table 'yskdemo.user' doesn't exist
 [ SQL语句 ] : SHOW COLUMNS FROM `user`
NOTIC: [8] Use of undefined constant username - assumed 'username' C:\phpStudy\PHPTutorial\WWW\ysk\tp32\Application\Api\Controller\UserController.class.php 第 42 行.
SQL: SHOW COLUMNS FROM `admin` [ RunTime:0.006603s ]
SQL: SELECT COUNT(*) AS tp_count FROM `admin` WHERE ( `username` = 'username' ) LIMIT 1   [ RunTime:0.000204s ]
NOTIC: [8] Array to string conversion C:\phpStudy\PHPTutorial\WWW\ysk\tp32\Application\Api\Controller\UserController.class.php 第 43 行.
INFO: [ app_end ] --START--
INFO: Run Behavior\ShowPageTrace [ RunTime:0.000461s ]
INFO: [ app_end ] --END-- [ RunTime:0.000497s ]

[ 2018-01-26T14:57:24+08:00 ] ::1 /ysk/tp32/Api/user/checkUserName?username=admin
INFO: [ app_begin ] --START--
INFO: Run Behavior\ReadHtmlCache [ RunTime:0.000790s ]
INFO: [ app_begin ] --END-- [ RunTime:0.001128s ]
SQL: SHOW COLUMNS FROM `user` [ RunTime:0.007451s ]
ERR: 1146:Table 'yskdemo.user' doesn't exist
 [ SQL语句 ] : SHOW COLUMNS FROM `user`
NOTIC: [8] Use of undefined constant username - assumed 'username' C:\phpStudy\PHPTutorial\WWW\ysk\tp32\Application\Api\Controller\UserController.class.php 第 42 行.
SQL: SHOW COLUMNS FROM `admin` [ RunTime:0.009034s ]
SQL: SELECT COUNT(*) AS tp_count FROM `admin` WHERE ( `username` = 'username' ) LIMIT 1   [ RunTime:0.000297s ]
INFO: [ app_end ] --START--
INFO: Run Behavior\ShowPageTrace [ RunTime:0.000779s ]
INFO: [ app_end ] --END-- [ RunTime:0.000862s ]

[ 2018-01-26T14:58:55+08:00 ] ::1 /ysk/tp32/Api/user/checkUserName?username=admin
INFO: [ app_begin ] --START--
INFO: Run Behavior\ReadHtmlCache [ RunTime:0.000494s ]
INFO: [ app_begin ] --END-- [ RunTime:0.000788s ]
SQL: SHOW COLUMNS FROM `user` [ RunTime:0.037540s ]
ERR: 1146:Table 'yskdemo.user' doesn't exist
 [ SQL语句 ] : SHOW COLUMNS FROM `user`
NOTIC: [8] Use of undefined constant username - assumed 'username' C:\phpStudy\PHPTutorial\WWW\ysk\tp32\Application\Api\Controller\UserController.class.php 第 42 行.
SQL: SHOW COLUMNS FROM `admin` [ RunTime:0.008522s ]
SQL: SELECT COUNT(*) AS tp_count FROM `admin` WHERE ( `username` = 'username' ) LIMIT 1   [ RunTime:0.000279s ]

[ 2018-01-26T15:01:50+08:00 ] ::1 /ysk/tp32/Api/user/checkUserName?username=admin
INFO: [ app_begin ] --START--
INFO: Run Behavior\ReadHtmlCache [ RunTime:0.000549s ]
INFO: [ app_begin ] --END-- [ RunTime:0.001004s ]
SQL: SHOW COLUMNS FROM `user` [ RunTime:0.007070s ]
ERR: 1146:Table 'yskdemo.user' doesn't exist
 [ SQL语句 ] : SHOW COLUMNS FROM `user`
NOTIC: [8] Use of undefined constant username - assumed 'username' C:\phpStudy\PHPTutorial\WWW\ysk\tp32\Application\Api\Controller\UserController.class.php 第 43 行.
SQL: SHOW COLUMNS FROM `admin` [ RunTime:0.006910s ]
SQL: SELECT COUNT(*) AS tp_count FROM `admin` WHERE ( `username` = 'username' ) LIMIT 1   [ RunTime:0.000220s ]

[ 2018-01-26T15:02:06+08:00 ] ::1 /ysk/tp32/Api/user/checkUserName?username=admin
INFO: [ app_begin ] --START--
INFO: Run Behavior\ReadHtmlCache [ RunTime:0.000802s ]
INFO: [ app_begin ] --END-- [ RunTime:0.001280s ]

[ 2018-01-26T15:02:25+08:00 ] ::1 /ysk/tp32/Api/user/checkUserName?username=admin
INFO: [ app_begin ] --START--
INFO: Run Behavior\ReadHtmlCache [ RunTime:0.000445s ]
INFO: [ app_begin ] --END-- [ RunTime:0.000717s ]

[ 2018-01-26T15:02:54+08:00 ] ::1 /ysk/tp32/Api/user/checkUserName?username=admin
INFO: [ app_begin ] --START--
INFO: Run Behavior\ReadHtmlCache [ RunTime:0.000694s ]
INFO: [ app_begin ] --END-- [ RunTime:0.001047s ]

[ 2018-01-26T15:03:33+08:00 ] ::1 /ysk/tp32/Api/user/checkUserName?username=admin
INFO: [ app_begin ] --START--
INFO: Run Behavior\ReadHtmlCache [ RunTime:0.000503s ]
INFO: [ app_begin ] --END-- [ RunTime:0.000823s ]
INFO: [ app_end ] --START--
INFO: Run Behavior\ShowPageTrace [ RunTime:0.000493s ]
INFO: [ app_end ] --END-- [ RunTime:0.000538s ]

[ 2018-01-26T15:04:25+08:00 ] ::1 /ysk/tp32/Api/user/checkUserName?username=admin
INFO: [ app_begin ] --START--
INFO: Run Behavior\ReadHtmlCache [ RunTime:0.000593s ]
INFO: [ app_begin ] --END-- [ RunTime:0.001013s ]
INFO: [ app_end ] --START--
INFO: Run Behavior\ShowPageTrace [ RunTime:0.000459s ]
INFO: [ app_end ] --END-- [ RunTime:0.000514s ]

[ 2018-01-26T15:05:08+08:00 ] ::1 /ysk/tp32/Api/user/checkUserName?username=admin
INFO: [ app_begin ] --START--
INFO: Run Behavior\ReadHtmlCache [ RunTime:0.000443s ]
INFO: [ app_begin ] --END-- [ RunTime:0.000769s ]
INFO: [ app_end ] --START--
INFO: Run Behavior\ShowPageTrace [ RunTime:0.000611s ]
INFO: [ app_end ] --END-- [ RunTime:0.000709s ]

