[ 2018-01-22T08:48:56+08:00 ] ::1 /tp32/
INFO: [ app_begin ] --START--
INFO: Run Behavior\ReadHtmlCache [ RunTime:0.001079s ]
INFO: [ app_begin ] --END-- [ RunTime:0.001669s ]
INFO: [ view_parse ] --START--
INFO: [ template_filter ] --START--
INFO: Run Behavior\ContentReplace [ RunTime:0.000020s ]
INFO: [ template_filter ] --END-- [ RunTime:0.000065s ]
INFO: Run Behavior\ParseTemplate [ RunTime:0.060181s ]
INFO: [ view_parse ] --END-- [ RunTime:0.060234s ]
INFO: [ view_filter ] --START--
INFO: Run Behavior\WriteHtmlCache [ RunTime:0.000815s ]
INFO: [ view_filter ] --END-- [ RunTime:0.000848s ]
INFO: [ app_end ] --START--
INFO: Run Behavior\ShowPageTrace [ RunTime:0.001070s ]
INFO: [ app_end ] --END-- [ RunTime:0.001109s ]

[ 2018-01-22T09:47:04+08:00 ] ::1 /tp32/
INFO: [ app_begin ] --START--
INFO: Run Behavior\ReadHtmlCache [ RunTime:0.009377s ]
INFO: [ app_begin ] --END-- [ RunTime:0.010756s ]
INFO: [ view_parse ] --START--
NOTIC: [2] ucfirst() expects parameter 1 to be string, array given C:\phpStudy\PHPTutorial\WWW\tp32\ThinkPHP\Library\Think\Storage.class.php 第 36 行.
INFO: Run Behavior\ParseTemplate [ RunTime:0.000990s ]
INFO: [ view_parse ] --END-- [ RunTime:0.001042s ]
INFO: [ view_filter ] --START--
INFO: Run Behavior\WriteHtmlCache [ RunTime:0.005059s ]
INFO: [ view_filter ] --END-- [ RunTime:0.005124s ]
INFO: [ app_end ] --START--
INFO: Run Behavior\ShowPageTrace [ RunTime:0.007174s ]
INFO: [ app_end ] --END-- [ RunTime:0.007218s ]

[ 2018-01-22T09:47:28+08:00 ] ::1 /tp32/
INFO: [ app_begin ] --START--
INFO: Run Behavior\ReadHtmlCache [ RunTime:0.000413s ]
INFO: [ app_begin ] --END-- [ RunTime:0.000770s ]
INFO: [ view_parse ] --START--
NOTIC: [2] ucfirst() expects parameter 1 to be string, array given C:\phpStudy\PHPTutorial\WWW\tp32\ThinkPHP\Library\Think\Storage.class.php 第 36 行.
INFO: Run Behavior\ParseTemplate [ RunTime:0.000339s ]
INFO: [ view_parse ] --END-- [ RunTime:0.000377s ]
INFO: [ view_filter ] --START--
INFO: Run Behavior\WriteHtmlCache [ RunTime:0.000253s ]
INFO: [ view_filter ] --END-- [ RunTime:0.000295s ]
INFO: [ app_end ] --START--
INFO: Run Behavior\ShowPageTrace [ RunTime:0.000651s ]
INFO: [ app_end ] --END-- [ RunTime:0.000685s ]

[ 2018-01-22T14:09:35+08:00 ] ::1 /tp32/api/index
INFO: [ app_begin ] --START--
INFO: Run Behavior\ReadHtmlCache [ RunTime:0.016408s ]
INFO: [ app_begin ] --END-- [ RunTime:0.049313s ]
ERR: 无法加载控制器:Index

[ 2018-01-22T14:09:46+08:00 ] ::1 /tp32/api/index
INFO: [ app_begin ] --START--
INFO: Run Behavior\ReadHtmlCache [ RunTime:0.000520s ]
INFO: [ app_begin ] --END-- [ RunTime:0.000823s ]
ERR: 无法加载控制器:Index

[ 2018-01-22T14:10:22+08:00 ] ::1 /tp32/api/index
INFO: [ app_begin ] --START--
INFO: Run Behavior\ReadHtmlCache [ RunTime:0.000451s ]
INFO: [ app_begin ] --END-- [ RunTime:0.000737s ]
INFO: [ app_end ] --START--
INFO: Run Behavior\ShowPageTrace [ RunTime:0.036809s ]
INFO: [ app_end ] --END-- [ RunTime:0.036863s ]

[ 2018-01-22T14:16:42+08:00 ] ::1 /tp32/
INFO: [ app_begin ] --START--
INFO: Run Behavior\ReadHtmlCache [ RunTime:0.000511s ]
INFO: [ app_begin ] --END-- [ RunTime:0.000815s ]
INFO: [ app_end ] --START--
INFO: Run Behavior\ShowPageTrace [ RunTime:0.000565s ]
INFO: [ app_end ] --END-- [ RunTime:0.000618s ]

[ 2018-01-22T14:17:13+08:00 ] ::1 /tp32/Api/User/login
INFO: [ app_begin ] --START--
INFO: Run Behavior\ReadHtmlCache [ RunTime:0.000547s ]
INFO: [ app_begin ] --END-- [ RunTime:0.000846s ]
ERR: 无法加载控制器:User

[ 2018-01-22T14:17:33+08:00 ] ::1 /tp32/Api/User/login
INFO: [ app_begin ] --START--
INFO: Run Behavior\ReadHtmlCache [ RunTime:0.000550s ]
INFO: [ app_begin ] --END-- [ RunTime:0.000845s ]
INFO: [ app_end ] --START--
INFO: Run Behavior\ShowPageTrace [ RunTime:0.000500s ]
INFO: [ app_end ] --END-- [ RunTime:0.000542s ]

[ 2018-01-22T14:43:33+08:00 ] ::1 /tp32/
INFO: [ app_begin ] --START--
INFO: Run Behavior\ReadHtmlCache [ RunTime:0.000511s ]
INFO: [ app_begin ] --END-- [ RunTime:0.000819s ]
INFO: [ app_end ] --START--
INFO: Run Behavior\ShowPageTrace [ RunTime:0.000478s ]
INFO: [ app_end ] --END-- [ RunTime:0.000520s ]

[ 2018-01-22T14:44:09+08:00 ] ::1 /tp32/Api
INFO: [ app_begin ] --START--
INFO: Run Behavior\ReadHtmlCache [ RunTime:0.000421s ]
INFO: [ app_begin ] --END-- [ RunTime:0.000695s ]
ERR: 无法加载控制器:Index

[ 2018-01-22T14:44:17+08:00 ] ::1 /tp32/Api/index/login
INFO: [ app_begin ] --START--
INFO: Run Behavior\ReadHtmlCache [ RunTime:0.000483s ]
INFO: [ app_begin ] --END-- [ RunTime:0.000795s ]
ERR: 无法加载控制器:Index

[ 2018-01-22T14:44:19+08:00 ] ::1 /tp32/index.php
INFO: [ app_begin ] --START--
INFO: Run Behavior\ReadHtmlCache [ RunTime:0.000565s ]
INFO: [ app_begin ] --END-- [ RunTime:0.000854s ]
INFO: [ app_end ] --START--
INFO: Run Behavior\ShowPageTrace [ RunTime:0.000518s ]
INFO: [ app_end ] --END-- [ RunTime:0.000559s ]

[ 2018-01-22T14:44:22+08:00 ] ::1 /tp32/Api/user/login
INFO: [ app_begin ] --START--
INFO: Run Behavior\ReadHtmlCache [ RunTime:0.000412s ]
INFO: [ app_begin ] --END-- [ RunTime:0.000677s ]

[ 2018-01-22T14:44:33+08:00 ] ::1 /tp32/Api/user/login
INFO: [ app_begin ] --START--
INFO: Run Behavior\ReadHtmlCache [ RunTime:0.000570s ]
INFO: [ app_begin ] --END-- [ RunTime:0.000951s ]

[ 2018-01-22T14:46:36+08:00 ] ::1 /tp32/Api/user/login
INFO: [ app_begin ] --START--
INFO: Run Behavior\ReadHtmlCache [ RunTime:0.000506s ]
INFO: [ app_begin ] --END-- [ RunTime:0.000875s ]

[ 2018-01-22T14:46:50+08:00 ] ::1 /tp32/Api/user/login
INFO: [ app_begin ] --START--
INFO: Run Behavior\ReadHtmlCache [ RunTime:0.000509s ]
INFO: [ app_begin ] --END-- [ RunTime:0.000771s ]

[ 2018-01-22T14:47:19+08:00 ] ::1 /tp32/Api/user/login
INFO: [ app_begin ] --START--
INFO: Run Behavior\ReadHtmlCache [ RunTime:0.000490s ]
INFO: [ app_begin ] --END-- [ RunTime:0.000857s ]

[ 2018-01-22T14:47:24+08:00 ] ::1 /tp32/Api/user/login
INFO: [ app_begin ] --START--
INFO: Run Behavior\ReadHtmlCache [ RunTime:0.000893s ]
INFO: [ app_begin ] --END-- [ RunTime:0.001257s ]

[ 2018-01-22T14:48:17+08:00 ] ::1 /tp32/Api/user/login
INFO: [ app_begin ] --START--
INFO: Run Behavior\ReadHtmlCache [ RunTime:0.000473s ]
INFO: [ app_begin ] --END-- [ RunTime:0.000838s ]

[ 2018-01-22T14:48:19+08:00 ] ::1 /tp32/Api/user/login
INFO: [ app_begin ] --START--
INFO: Run Behavior\ReadHtmlCache [ RunTime:0.000484s ]
INFO: [ app_begin ] --END-- [ RunTime:0.000833s ]

[ 2018-01-22T14:48:51+08:00 ] ::1 /tp32/Api/user/login
INFO: [ app_begin ] --START--
INFO: Run Behavior\ReadHtmlCache [ RunTime:0.000559s ]
INFO: [ app_begin ] --END-- [ RunTime:0.001061s ]

[ 2018-01-22T14:48:57+08:00 ] ::1 /tp32/Api/user/login
INFO: [ app_begin ] --START--
INFO: Run Behavior\ReadHtmlCache [ RunTime:0.000500s ]
INFO: [ app_begin ] --END-- [ RunTime:0.000812s ]

[ 2018-01-22T14:49:33+08:00 ] ::1 /tp32/Api/user/login
INFO: [ app_begin ] --START--
INFO: Run Behavior\ReadHtmlCache [ RunTime:0.000501s ]
INFO: [ app_begin ] --END-- [ RunTime:0.000777s ]

[ 2018-01-22T15:02:02+08:00 ] ::1 /tp32/Api/User/login
INFO: [ app_begin ] --START--
INFO: Run Behavior\ReadHtmlCache [ RunTime:0.000524s ]
INFO: [ app_begin ] --END-- [ RunTime:0.000854s ]

[ 2018-01-22T15:02:05+08:00 ] ::1 /tp32/Api/User/test
INFO: [ app_begin ] --START--
INFO: Run Behavior\ReadHtmlCache [ RunTime:0.000413s ]
INFO: [ app_begin ] --END-- [ RunTime:0.000677s ]
ERR: 没有定义数据库配置

[ 2018-01-22T15:03:12+08:00 ] ::1 /tp32/Api/User/test
INFO: [ app_begin ] --START--
INFO: Run Behavior\ReadHtmlCache [ RunTime:0.000562s ]
INFO: [ app_begin ] --END-- [ RunTime:0.000872s ]
NOTIC: [8] Undefined variable: res C:\phpStudy\PHPTutorial\WWW\tp32\Application\Api\Controller\UserController.class.php 第 34 行.
INFO: [ app_end ] --START--
INFO: Run Behavior\ShowPageTrace [ RunTime:0.000527s ]
INFO: [ app_end ] --END-- [ RunTime:0.000564s ]

[ 2018-01-22T15:09:15+08:00 ] ::1 /tp32/Api/user/login
INFO: [ app_begin ] --START--
INFO: Run Behavior\ReadHtmlCache [ RunTime:0.000587s ]
INFO: [ app_begin ] --END-- [ RunTime:0.000940s ]

[ 2018-01-22T15:09:25+08:00 ] ::1 /tp32/Api/user/test
INFO: [ app_begin ] --START--
INFO: Run Behavior\ReadHtmlCache [ RunTime:0.000562s ]
INFO: [ app_begin ] --END-- [ RunTime:0.000874s ]
SQL: SHOW COLUMNS FROM `admin` [ RunTime:0.031476s ]
ERR: Think\Model:checkPsd方法不存在！

[ 2018-01-22T15:09:48+08:00 ] ::1 /tp32/Api/user/test
INFO: [ app_begin ] --START--
INFO: Run Behavior\ReadHtmlCache [ RunTime:0.000809s ]
INFO: [ app_begin ] --END-- [ RunTime:0.001079s ]
SQL: SHOW COLUMNS FROM `user` [ RunTime:0.033760s ]
ERR: 1146:Table 'yskdemo.user' doesn't exist
 [ SQL语句 ] : SHOW COLUMNS FROM `user`
ERR: Think\Model:checkPsd方法不存在！

[ 2018-01-22T15:09:55+08:00 ] ::1 /tp32/Api/user/test
INFO: [ app_begin ] --START--
INFO: Run Behavior\ReadHtmlCache [ RunTime:0.000731s ]
INFO: [ app_begin ] --END-- [ RunTime:0.001053s ]
SQL: SHOW COLUMNS FROM `user` [ RunTime:0.046652s ]
ERR: 1146:Table 'yskdemo.user' doesn't exist
 [ SQL语句 ] : SHOW COLUMNS FROM `user`
ERR: Think\Model:checkPsd方法不存在！

[ 2018-01-22T15:10:19+08:00 ] ::1 /tp32/Api/user/test
INFO: [ app_begin ] --START--
INFO: Run Behavior\ReadHtmlCache [ RunTime:0.000525s ]
INFO: [ app_begin ] --END-- [ RunTime:0.000886s ]
SQL: SHOW COLUMNS FROM `user` [ RunTime:0.006077s ]
ERR: 1146:Table 'yskdemo.user' doesn't exist
 [ SQL语句 ] : SHOW COLUMNS FROM `user`
ERR: Think\Model:checkPsd方法不存在！

[ 2018-01-22T15:10:54+08:00 ] ::1 /tp32/Api/User/test
INFO: [ app_begin ] --START--
INFO: Run Behavior\ReadHtmlCache [ RunTime:0.000590s ]
INFO: [ app_begin ] --END-- [ RunTime:0.000896s ]
SQL: SHOW COLUMNS FROM `user` [ RunTime:0.010038s ]
ERR: 1146:Table 'yskdemo.user' doesn't exist
 [ SQL语句 ] : SHOW COLUMNS FROM `user`
ERR: Think\Model:checkPsd方法不存在！

[ 2018-01-22T15:13:29+08:00 ] ::1 /tp32/Api/User/test
INFO: [ app_begin ] --START--
INFO: Run Behavior\ReadHtmlCache [ RunTime:0.000811s ]
INFO: [ app_begin ] --END-- [ RunTime:0.001195s ]
SQL: SHOW COLUMNS FROM `user` [ RunTime:0.053173s ]
ERR: 1146:Table 'yskdemo.user' doesn't exist
 [ SQL语句 ] : SHOW COLUMNS FROM `user`
ERR: Think\Model:checkPsd方法不存在！

[ 2018-01-22T15:13:31+08:00 ] ::1 /tp32/Api/User/test
INFO: [ app_begin ] --START--
INFO: Run Behavior\ReadHtmlCache [ RunTime:0.000483s ]
INFO: [ app_begin ] --END-- [ RunTime:0.000770s ]
SQL: SHOW COLUMNS FROM `user` [ RunTime:0.010343s ]
ERR: 1146:Table 'yskdemo.user' doesn't exist
 [ SQL语句 ] : SHOW COLUMNS FROM `user`
ERR: Think\Model:checkPsd方法不存在！

[ 2018-01-22T15:14:01+08:00 ] ::1 /tp32/Api/User/test
INFO: [ app_begin ] --START--
INFO: Run Behavior\ReadHtmlCache [ RunTime:0.000849s ]
INFO: [ app_begin ] --END-- [ RunTime:0.001334s ]
SQL: SHOW COLUMNS FROM `user` [ RunTime:0.094639s ]
ERR: 1146:Table 'yskdemo.user' doesn't exist
 [ SQL语句 ] : SHOW COLUMNS FROM `user`
ERR: Think\Model:checkPsd方法不存在！

[ 2018-01-22T15:14:02+08:00 ] ::1 /tp32/Api/User/login
INFO: [ app_begin ] --START--
INFO: Run Behavior\ReadHtmlCache [ RunTime:0.000494s ]
INFO: [ app_begin ] --END-- [ RunTime:0.000777s ]

[ 2018-01-22T15:14:08+08:00 ] ::1 /tp32/Api/User/test
INFO: [ app_begin ] --START--
INFO: Run Behavior\ReadHtmlCache [ RunTime:0.000571s ]
INFO: [ app_begin ] --END-- [ RunTime:0.000848s ]
SQL: SHOW COLUMNS FROM `user` [ RunTime:0.044748s ]
ERR: 1146:Table 'yskdemo.user' doesn't exist
 [ SQL语句 ] : SHOW COLUMNS FROM `user`
ERR: Think\Model:checkPsd方法不存在！

[ 2018-01-22T15:16:01+08:00 ] ::1 /tp32/Api/User/test
INFO: [ app_begin ] --START--
INFO: Run Behavior\ReadHtmlCache [ RunTime:0.000558s ]
INFO: [ app_begin ] --END-- [ RunTime:0.000823s ]
SQL: SHOW COLUMNS FROM `user` [ RunTime:0.095984s ]
ERR: 1146:Table 'yskdemo.user' doesn't exist
 [ SQL语句 ] : SHOW COLUMNS FROM `user`
ERR: Think\Model:checkPsd方法不存在！

[ 2018-01-22T15:16:06+08:00 ] ::1 /tp32/Api/User/test
INFO: [ app_begin ] --START--
INFO: Run Behavior\ReadHtmlCache [ RunTime:0.000570s ]
INFO: [ app_begin ] --END-- [ RunTime:0.000875s ]
NOTIC: [8] Undefined variable: res C:\phpStudy\PHPTutorial\WWW\tp32\Application\Api\Controller\UserController.class.php 第 34 行.
INFO: [ app_end ] --START--
INFO: Run Behavior\ShowPageTrace [ RunTime:0.000540s ]
INFO: [ app_end ] --END-- [ RunTime:0.000578s ]

[ 2018-01-22T15:17:22+08:00 ] ::1 /tp32/Api/user/login
INFO: [ app_begin ] --START--
INFO: Run Behavior\ReadHtmlCache [ RunTime:0.000631s ]
INFO: [ app_begin ] --END-- [ RunTime:0.001037s ]

[ 2018-01-22T15:17:27+08:00 ] ::1 /tp32/Api/user/test
INFO: [ app_begin ] --START--
INFO: Run Behavior\ReadHtmlCache [ RunTime:0.000425s ]
INFO: [ app_begin ] --END-- [ RunTime:0.000695s ]
SQL: SHOW COLUMNS FROM `admin` [ RunTime:0.057883s ]
ERR: Think\Model:checkPsd方法不存在！

[ 2018-01-22T15:17:34+08:00 ] ::1 /tp32/Api/user/test
INFO: [ app_begin ] --START--
INFO: Run Behavior\ReadHtmlCache [ RunTime:0.000630s ]
INFO: [ app_begin ] --END-- [ RunTime:0.001081s ]
SQL: SHOW COLUMNS FROM `admin` [ RunTime:0.048707s ]
ERR: Think\Model:checkPsd方法不存在！

[ 2018-01-22T15:20:58+08:00 ] ::1 /tp32/Api/User/test
INFO: [ app_begin ] --START--
INFO: Run Behavior\ReadHtmlCache [ RunTime:0.000605s ]
INFO: [ app_begin ] --END-- [ RunTime:0.000899s ]
SQL: SHOW COLUMNS FROM `admin` [ RunTime:0.035009s ]
ERR: Think\Model:checkPsd方法不存在！

[ 2018-01-22T15:21:16+08:00 ] ::1 /tp32/Api/User/test
INFO: [ app_begin ] --START--
INFO: Run Behavior\ReadHtmlCache [ RunTime:0.000522s ]
INFO: [ app_begin ] --END-- [ RunTime:0.000837s ]
SQL: SHOW COLUMNS FROM `admin` [ RunTime:0.046595s ]
ERR: Think\Model:checkPsd方法不存在！

[ 2018-01-22T15:21:25+08:00 ] ::1 /tp32/Api/User/test
INFO: [ app_begin ] --START--
INFO: Run Behavior\ReadHtmlCache [ RunTime:0.000964s ]
INFO: [ app_begin ] --END-- [ RunTime:0.001496s ]
SQL: SHOW COLUMNS FROM `user` [ RunTime:0.085342s ]
ERR: 1146:Table 'yskdemo.user' doesn't exist
 [ SQL语句 ] : SHOW COLUMNS FROM `user`
INFO: [ app_end ] --START--
INFO: Run Behavior\ShowPageTrace [ RunTime:0.000574s ]
INFO: [ app_end ] --END-- [ RunTime:0.000628s ]

[ 2018-01-22T15:21:49+08:00 ] ::1 /tp32/Api/User/test
INFO: [ app_begin ] --START--
INFO: Run Behavior\ReadHtmlCache [ RunTime:0.000479s ]
INFO: [ app_begin ] --END-- [ RunTime:0.000787s ]
SQL: SHOW COLUMNS FROM `user` [ RunTime:0.023361s ]
ERR: 1146:Table 'yskdemo.user' doesn't exist
 [ SQL语句 ] : SHOW COLUMNS FROM `user`
INFO: [ app_end ] --START--
INFO: Run Behavior\ShowPageTrace [ RunTime:0.000567s ]
INFO: [ app_end ] --END-- [ RunTime:0.000607s ]

[ 2018-01-22T15:22:03+08:00 ] ::1 /tp32/Api/User/test
INFO: [ app_begin ] --START--
INFO: Run Behavior\ReadHtmlCache [ RunTime:0.000505s ]
INFO: [ app_begin ] --END-- [ RunTime:0.000766s ]
SQL: SHOW COLUMNS FROM `user` [ RunTime:0.046864s ]
ERR: 1146:Table 'yskdemo.user' doesn't exist
 [ SQL语句 ] : SHOW COLUMNS FROM `user`
INFO: [ app_end ] --START--
INFO: Run Behavior\ShowPageTrace [ RunTime:0.001077s ]
INFO: [ app_end ] --END-- [ RunTime:0.001147s ]

[ 2018-01-22T15:29:01+08:00 ] ::1 /tp32/Api/user/test
INFO: [ app_begin ] --START--
INFO: Run Behavior\ReadHtmlCache [ RunTime:0.000747s ]
INFO: [ app_begin ] --END-- [ RunTime:0.001222s ]
SQL: SHOW COLUMNS FROM `user` [ RunTime:0.012898s ]
ERR: 1146:Table 'yskdemo.user' doesn't exist
 [ SQL语句 ] : SHOW COLUMNS FROM `user`
INFO: [ app_end ] --START--
INFO: Run Behavior\ShowPageTrace [ RunTime:0.001490s ]
INFO: [ app_end ] --END-- [ RunTime:0.001596s ]

[ 2018-01-22T15:29:43+08:00 ] ::1 /tp32/Api/user/login/admin/admin
INFO: [ app_begin ] --START--
INFO: Run Behavior\ReadHtmlCache [ RunTime:0.000553s ]
INFO: [ app_begin ] --END-- [ RunTime:0.000845s ]

[ 2018-01-22T15:30:39+08:00 ] ::1 /tp32/Api/user/login/username/admin
INFO: [ app_begin ] --START--
INFO: Run Behavior\ReadHtmlCache [ RunTime:0.000458s ]
INFO: [ app_begin ] --END-- [ RunTime:0.000727s ]

[ 2018-01-22T15:30:46+08:00 ] ::1 /tp32/Api/user/login/username/admin/password/admin
INFO: [ app_begin ] --START--
INFO: Run Behavior\ReadHtmlCache [ RunTime:0.000506s ]
INFO: [ app_begin ] --END-- [ RunTime:0.000768s ]

[ 2018-01-22T15:30:57+08:00 ] ::1 /tp32/Api/user/login
INFO: [ app_begin ] --START--
INFO: Run Behavior\ReadHtmlCache [ RunTime:0.000419s ]
INFO: [ app_begin ] --END-- [ RunTime:0.000679s ]

[ 2018-01-22T15:50:45+08:00 ] ::1 /tp32/Api/user/login
INFO: [ app_begin ] --START--
INFO: Run Behavior\ReadHtmlCache [ RunTime:0.000563s ]
INFO: [ app_begin ] --END-- [ RunTime:0.000868s ]

[ 2018-01-22T15:51:22+08:00 ] ::1 /tp32/Api/user/login
INFO: [ app_begin ] --START--
INFO: Run Behavior\ReadHtmlCache [ RunTime:0.000601s ]
INFO: [ app_begin ] --END-- [ RunTime:0.000910s ]

[ 2018-01-22T15:58:10+08:00 ] ::1 /tp32/Api/user/login
INFO: [ app_begin ] --START--
INFO: Run Behavior\ReadHtmlCache [ RunTime:0.000877s ]
INFO: [ app_begin ] --END-- [ RunTime:0.001352s ]

[ 2018-01-22T15:59:11+08:00 ] ::1 /tp32/Api/user/login
INFO: [ app_begin ] --START--
INFO: Run Behavior\ReadHtmlCache [ RunTime:0.000515s ]
INFO: [ app_begin ] --END-- [ RunTime:0.000787s ]

[ 2018-01-22T16:07:50+08:00 ] ::1 /tp32/Api/user/login
INFO: [ app_begin ] --START--
INFO: Run Behavior\ReadHtmlCache [ RunTime:0.000579s ]
INFO: [ app_begin ] --END-- [ RunTime:0.000910s ]

[ 2018-01-22T16:08:36+08:00 ] ::1 /tp32/Api/user/login
INFO: [ app_begin ] --START--
INFO: Run Behavior\ReadHtmlCache [ RunTime:0.000543s ]
INFO: [ app_begin ] --END-- [ RunTime:0.000883s ]

[ 2018-01-22T16:08:58+08:00 ] ::1 /tp32/Api/user/login
INFO: [ app_begin ] --START--
INFO: Run Behavior\ReadHtmlCache [ RunTime:0.000644s ]
INFO: [ app_begin ] --END-- [ RunTime:0.000942s ]

[ 2018-01-22T16:09:06+08:00 ] ::1 /tp32/Api/user/login
INFO: [ app_begin ] --START--
INFO: Run Behavior\ReadHtmlCache [ RunTime:0.000499s ]
INFO: [ app_begin ] --END-- [ RunTime:0.000760s ]

[ 2018-01-22T16:10:52+08:00 ] ::1 /tp32/Api/user/login
INFO: [ app_begin ] --START--
INFO: Run Behavior\ReadHtmlCache [ RunTime:0.000622s ]
INFO: [ app_begin ] --END-- [ RunTime:0.000956s ]

[ 2018-01-22T16:10:54+08:00 ] ::1 /tp32/Api/user/login
INFO: [ app_begin ] --START--
INFO: Run Behavior\ReadHtmlCache [ RunTime:0.000500s ]
INFO: [ app_begin ] --END-- [ RunTime:0.000769s ]

[ 2018-01-22T16:11:30+08:00 ] ::1 /tp32/Api/user/login
INFO: [ app_begin ] --START--
INFO: Run Behavior\ReadHtmlCache [ RunTime:0.000587s ]
INFO: [ app_begin ] --END-- [ RunTime:0.000988s ]

[ 2018-01-22T16:11:32+08:00 ] ::1 /tp32/Api/user/login
INFO: [ app_begin ] --START--
INFO: Run Behavior\ReadHtmlCache [ RunTime:0.000509s ]
INFO: [ app_begin ] --END-- [ RunTime:0.000766s ]

[ 2018-01-22T16:11:32+08:00 ] ::1 /tp32/Api/user/login
INFO: [ app_begin ] --START--
INFO: Run Behavior\ReadHtmlCache [ RunTime:0.000584s ]
INFO: [ app_begin ] --END-- [ RunTime:0.000887s ]

[ 2018-01-22T16:11:32+08:00 ] ::1 /tp32/Api/user/login
INFO: [ app_begin ] --START--
INFO: Run Behavior\ReadHtmlCache [ RunTime:0.000523s ]
INFO: [ app_begin ] --END-- [ RunTime:0.000795s ]

[ 2018-01-22T16:12:12+08:00 ] ::1 /tp32/Api/user/login
INFO: [ app_begin ] --START--
INFO: Run Behavior\ReadHtmlCache [ RunTime:0.000565s ]
INFO: [ app_begin ] --END-- [ RunTime:0.000862s ]

[ 2018-01-22T16:12:18+08:00 ] ::1 /tp32/index.php
INFO: [ app_begin ] --START--
INFO: Run Behavior\ReadHtmlCache [ RunTime:0.000564s ]
INFO: [ app_begin ] --END-- [ RunTime:0.000943s ]
INFO: [ app_end ] --START--
INFO: Run Behavior\ShowPageTrace [ RunTime:0.000546s ]
INFO: [ app_end ] --END-- [ RunTime:0.000590s ]

[ 2018-01-22T16:13:06+08:00 ] ::1 /tp32/Api/user/login
INFO: [ app_begin ] --START--
INFO: Run Behavior\ReadHtmlCache [ RunTime:0.000611s ]
INFO: [ app_begin ] --END-- [ RunTime:0.000963s ]

[ 2018-01-22T16:21:07+08:00 ] ::1 /tp32/Api/user/userList
INFO: [ app_begin ] --START--
INFO: Run Behavior\ReadHtmlCache [ RunTime:0.000600s ]
INFO: [ app_begin ] --END-- [ RunTime:0.000910s ]
SQL: SHOW COLUMNS FROM `admin` [ RunTime:0.030962s ]
SQL: SELECT * FROM `admin`  [ RunTime:0.000257s ]
INFO: [ app_end ] --START--
INFO: Run Behavior\ShowPageTrace [ RunTime:0.000534s ]
INFO: [ app_end ] --END-- [ RunTime:0.000574s ]

[ 2018-01-22T16:21:39+08:00 ] ::1 /tp32/Api/user/userList
INFO: [ app_begin ] --START--
INFO: Run Behavior\ReadHtmlCache [ RunTime:0.000703s ]
INFO: [ app_begin ] --END-- [ RunTime:0.001184s ]
SQL: SHOW COLUMNS FROM `admin` [ RunTime:0.059260s ]
SQL: SELECT `username` FROM `admin`  [ RunTime:0.000240s ]
INFO: [ app_end ] --START--
INFO: Run Behavior\ShowPageTrace [ RunTime:0.000804s ]
INFO: [ app_end ] --END-- [ RunTime:0.000864s ]

[ 2018-01-22T16:22:39+08:00 ] ::1 /tp32/Api/user/userList
INFO: [ app_begin ] --START--
INFO: Run Behavior\ReadHtmlCache [ RunTime:0.000935s ]
INFO: [ app_begin ] --END-- [ RunTime:0.001516s ]
SQL: SHOW COLUMNS FROM `admin` [ RunTime:0.051117s ]
SQL: SELECT `username` FROM `admin`  [ RunTime:0.000246s ]

[ 2018-01-22T16:22:49+08:00 ] ::1 /tp32/Api/user/userList
INFO: [ app_begin ] --START--
INFO: Run Behavior\ReadHtmlCache [ RunTime:0.000418s ]
INFO: [ app_begin ] --END-- [ RunTime:0.000685s ]
SQL: SHOW COLUMNS FROM `admin` [ RunTime:0.034631s ]
SQL: SELECT `username` FROM `admin`  [ RunTime:0.000231s ]

[ 2018-01-22T16:23:34+08:00 ] ::1 /tp32/Api/user/userList
INFO: [ app_begin ] --START--
INFO: Run Behavior\ReadHtmlCache [ RunTime:0.000414s ]
INFO: [ app_begin ] --END-- [ RunTime:0.000683s ]
SQL: SHOW COLUMNS FROM `admin` [ RunTime:0.031999s ]
SQL: SELECT `username` FROM `admin`  [ RunTime:0.000207s ]

[ 2018-01-22T16:25:52+08:00 ] ::1 /tp32/Api/user/userList
INFO: [ app_begin ] --START--
INFO: Run Behavior\ReadHtmlCache [ RunTime:0.000531s ]
INFO: [ app_begin ] --END-- [ RunTime:0.000855s ]
SQL: SHOW COLUMNS FROM `admin` [ RunTime:0.067119s ]
SQL: SELECT `username` FROM `admin`  [ RunTime:0.000240s ]

[ 2018-01-22T16:33:59+08:00 ] ::1 /tp32/Api/user/userList
INFO: [ app_begin ] --START--
INFO: Run Behavior\ReadHtmlCache [ RunTime:0.000679s ]
INFO: [ app_begin ] --END-- [ RunTime:0.001057s ]
SQL: SHOW COLUMNS FROM `admin` [ RunTime:0.030917s ]
SQL: SELECT `username` FROM `admin`  [ RunTime:0.000212s ]
NOTIC: [2] array_reduce() expects parameter 2 to be a valid callback, function 'username' not found or invalid function name C:\phpStudy\PHPTutorial\WWW\tp32\Application\Api\Controller\UserController.class.php 第 41 行.
INFO: [ app_end ] --START--
INFO: Run Behavior\ShowPageTrace [ RunTime:0.000654s ]
INFO: [ app_end ] --END-- [ RunTime:0.000691s ]

[ 2018-01-22T16:35:32+08:00 ] ::1 /tp32/Api/user/userList
INFO: [ app_begin ] --START--
INFO: Run Behavior\ReadHtmlCache [ RunTime:0.000410s ]
INFO: [ app_begin ] --END-- [ RunTime:0.000671s ]
SQL: SHOW COLUMNS FROM `admin` [ RunTime:0.030602s ]
SQL: SELECT `username` FROM `admin`  [ RunTime:0.000212s ]
NOTIC: [2] array_reduce() expects parameter 2 to be a valid callback, function 'username' not found or invalid function name C:\phpStudy\PHPTutorial\WWW\tp32\Application\Api\Controller\UserController.class.php 第 43 行.
INFO: [ app_end ] --START--
INFO: Run Behavior\ShowPageTrace [ RunTime:0.000520s ]
INFO: [ app_end ] --END-- [ RunTime:0.000558s ]

[ 2018-01-22T16:57:07+08:00 ] ::1 /tp32/Api/user/userList
INFO: [ app_begin ] --START--
INFO: Run Behavior\ReadHtmlCache [ RunTime:0.000541s ]
INFO: [ app_begin ] --END-- [ RunTime:0.000858s ]

[ 2018-01-22T16:57:13+08:00 ] ::1 /tp32/Api/user/userList
INFO: [ app_begin ] --START--
INFO: Run Behavior\ReadHtmlCache [ RunTime:0.000412s ]
INFO: [ app_begin ] --END-- [ RunTime:0.000675s ]

[ 2018-01-22T16:57:15+08:00 ] ::1 /tp32/index.php
INFO: [ app_begin ] --START--
INFO: Run Behavior\ReadHtmlCache [ RunTime:0.000494s ]
INFO: [ app_begin ] --END-- [ RunTime:0.000849s ]
INFO: [ app_end ] --START--
INFO: Run Behavior\ShowPageTrace [ RunTime:0.000495s ]
INFO: [ app_end ] --END-- [ RunTime:0.000547s ]

[ 2018-01-22T16:57:17+08:00 ] ::1 /tp32/Api/user/userList
INFO: [ app_begin ] --START--
INFO: Run Behavior\ReadHtmlCache [ RunTime:0.000448s ]
INFO: [ app_begin ] --END-- [ RunTime:0.000710s ]

[ 2018-01-22T16:57:18+08:00 ] ::1 /tp32/Api/user/userList
INFO: [ app_begin ] --START--
INFO: Run Behavior\ReadHtmlCache [ RunTime:0.000425s ]
INFO: [ app_begin ] --END-- [ RunTime:0.000698s ]

[ 2018-01-22T16:57:18+08:00 ] ::1 /tp32/Api/user/userList
INFO: [ app_begin ] --START--
INFO: Run Behavior\ReadHtmlCache [ RunTime:0.000418s ]
INFO: [ app_begin ] --END-- [ RunTime:0.000680s ]

[ 2018-01-22T16:57:18+08:00 ] ::1 /tp32/Api/user/userList
INFO: [ app_begin ] --START--
INFO: Run Behavior\ReadHtmlCache [ RunTime:0.000412s ]
INFO: [ app_begin ] --END-- [ RunTime:0.000677s ]

[ 2018-01-22T16:57:19+08:00 ] ::1 /tp32/Api/user/userList
INFO: [ app_begin ] --START--
INFO: Run Behavior\ReadHtmlCache [ RunTime:0.000411s ]
INFO: [ app_begin ] --END-- [ RunTime:0.000672s ]

[ 2018-01-22T16:59:25+08:00 ] ::1 /tp32/Api/user/userList
INFO: [ app_begin ] --START--
INFO: Run Behavior\ReadHtmlCache [ RunTime:0.000594s ]
INFO: [ app_begin ] --END-- [ RunTime:0.000936s ]

[ 2018-01-22T17:01:49+08:00 ] ::1 /tp32/Api/user/userList
INFO: [ app_begin ] --START--
INFO: Run Behavior\ReadHtmlCache [ RunTime:0.000498s ]
INFO: [ app_begin ] --END-- [ RunTime:0.000792s ]
SQL: SHOW COLUMNS FROM `admin` [ RunTime:0.057485s ]
SQL: SELECT `username` FROM `admin`  [ RunTime:0.000266s ]
NOTIC: [2] array_map() expects parameter 1 to be a valid callback, function 'arr' not found or invalid function name C:\phpStudy\PHPTutorial\WWW\tp32\Application\Api\Controller\UserController.class.php 第 46 行.
INFO: [ app_end ] --START--
INFO: Run Behavior\ShowPageTrace [ RunTime:0.000751s ]
INFO: [ app_end ] --END-- [ RunTime:0.000801s ]

[ 2018-01-22T17:04:03+08:00 ] ::1 /tp32/Api/user/userList
INFO: [ app_begin ] --START--
INFO: Run Behavior\ReadHtmlCache [ RunTime:0.000551s ]
INFO: [ app_begin ] --END-- [ RunTime:0.000884s ]

[ 2018-01-22T17:04:09+08:00 ] ::1 /tp32/Api/user/userList
INFO: [ app_begin ] --START--
INFO: Run Behavior\ReadHtmlCache [ RunTime:0.000500s ]
INFO: [ app_begin ] --END-- [ RunTime:0.000794s ]
SQL: SHOW COLUMNS FROM `admin` [ RunTime:0.039595s ]
SQL: SELECT `username` FROM `admin`  [ RunTime:0.000238s ]
NOTIC: [2] array_map() expects parameter 1 to be a valid callback, function 'arr' not found or invalid function name C:\phpStudy\PHPTutorial\WWW\tp32\Application\Api\Controller\UserController.class.php 第 46 行.
INFO: [ app_end ] --START--
INFO: Run Behavior\ShowPageTrace [ RunTime:0.000547s ]
INFO: [ app_end ] --END-- [ RunTime:0.000584s ]

[ 2018-01-22T17:05:04+08:00 ] ::1 /tp32/Api/user/userList
INFO: [ app_begin ] --START--
INFO: Run Behavior\ReadHtmlCache [ RunTime:0.000619s ]
INFO: [ app_begin ] --END-- [ RunTime:0.001186s ]
SQL: SHOW COLUMNS FROM `admin` [ RunTime:0.148542s ]
SQL: SELECT `username` FROM `admin`  [ RunTime:0.000249s ]
INFO: [ app_end ] --START--
INFO: Run Behavior\ShowPageTrace [ RunTime:0.000723s ]
INFO: [ app_end ] --END-- [ RunTime:0.000772s ]

[ 2018-01-22T17:05:12+08:00 ] ::1 /tp32/Api/user/userList
INFO: [ app_begin ] --START--
INFO: Run Behavior\ReadHtmlCache [ RunTime:0.000452s ]
INFO: [ app_begin ] --END-- [ RunTime:0.000783s ]
SQL: SHOW COLUMNS FROM `admin` [ RunTime:0.045816s ]
SQL: SELECT `username` FROM `admin`  [ RunTime:0.000300s ]
NOTIC: [2] array_map() expects parameter 1 to be a valid callback, function 'arr' not found or invalid function name C:\phpStudy\PHPTutorial\WWW\tp32\Application\Api\Controller\UserController.class.php 第 46 行.
INFO: [ app_end ] --START--
INFO: Run Behavior\ShowPageTrace [ RunTime:0.000818s ]
INFO: [ app_end ] --END-- [ RunTime:0.000884s ]

[ 2018-01-22T17:05:42+08:00 ] ::1 /tp32/Api/user/userList
INFO: [ app_begin ] --START--
INFO: Run Behavior\ReadHtmlCache [ RunTime:0.000453s ]
INFO: [ app_begin ] --END-- [ RunTime:0.000715s ]
SQL: SHOW COLUMNS FROM `admin` [ RunTime:0.044457s ]
SQL: SELECT `username` FROM `admin`  [ RunTime:0.000302s ]
NOTIC: [2] array_map() expects parameter 1 to be a valid callback, function 'arr' not found or invalid function name C:\phpStudy\PHPTutorial\WWW\tp32\Application\Api\Controller\UserController.class.php 第 46 行.
INFO: [ app_end ] --START--
INFO: Run Behavior\ShowPageTrace [ RunTime:0.000800s ]
INFO: [ app_end ] --END-- [ RunTime:0.000865s ]

[ 2018-01-22T17:05:45+08:00 ] ::1 /tp32/Api/user/userList
INFO: [ app_begin ] --START--
INFO: Run Behavior\ReadHtmlCache [ RunTime:0.000408s ]
INFO: [ app_begin ] --END-- [ RunTime:0.000665s ]
SQL: SHOW COLUMNS FROM `admin` [ RunTime:0.038667s ]
SQL: SELECT `username` FROM `admin`  [ RunTime:0.000245s ]
NOTIC: [2] array_map() expects parameter 1 to be a valid callback, function 'arr' not found or invalid function name C:\phpStudy\PHPTutorial\WWW\tp32\Application\Api\Controller\UserController.class.php 第 46 行.
INFO: [ app_end ] --START--
INFO: Run Behavior\ShowPageTrace [ RunTime:0.000616s ]
INFO: [ app_end ] --END-- [ RunTime:0.000665s ]

[ 2018-01-22T17:06:49+08:00 ] ::1 /tp32/Api/user/userList
INFO: [ app_begin ] --START--
INFO: Run Behavior\ReadHtmlCache [ RunTime:0.000621s ]
INFO: [ app_begin ] --END-- [ RunTime:0.001027s ]
SQL: SHOW COLUMNS FROM `admin` [ RunTime:0.122019s ]
SQL: SELECT `username` FROM `admin`  [ RunTime:0.000248s ]
NOTIC: [2] array_map() expects parameter 1 to be a valid callback, function 'arr' not found or invalid function name C:\phpStudy\PHPTutorial\WWW\tp32\Application\Api\Controller\UserController.class.php 第 46 行.
INFO: [ app_end ] --START--
INFO: Run Behavior\ShowPageTrace [ RunTime:0.000596s ]
INFO: [ app_end ] --END-- [ RunTime:0.000632s ]

[ 2018-01-22T17:10:42+08:00 ] ::1 /tp32/Api/user/userList
INFO: [ app_begin ] --START--
INFO: Run Behavior\ReadHtmlCache [ RunTime:0.000507s ]
INFO: [ app_begin ] --END-- [ RunTime:0.000802s ]
SQL: SHOW COLUMNS FROM `admin` [ RunTime:0.026950s ]
SQL: SELECT `username` FROM `admin`  [ RunTime:0.000201s ]
NOTIC: [2] array_map() expects parameter 1 to be a valid callback, function 'arr' not found or invalid function name C:\phpStudy\PHPTutorial\WWW\tp32\Application\Api\Controller\UserController.class.php 第 47 行.
INFO: [ app_end ] --START--
INFO: Run Behavior\ShowPageTrace [ RunTime:0.000547s ]
INFO: [ app_end ] --END-- [ RunTime:0.000583s ]

[ 2018-01-22T17:11:00+08:00 ] ::1 /tp32/Api/user/userList
INFO: [ app_begin ] --START--
INFO: Run Behavior\ReadHtmlCache [ RunTime:0.000503s ]
INFO: [ app_begin ] --END-- [ RunTime:0.000838s ]
SQL: SHOW COLUMNS FROM `admin` [ RunTime:0.027378s ]
SQL: SELECT `username` FROM `admin`  [ RunTime:0.000151s ]
NOTIC: [2] array_map() expects parameter 1 to be a valid callback, function 'arr' not found or invalid function name C:\phpStudy\PHPTutorial\WWW\tp32\Application\Api\Controller\UserController.class.php 第 47 行.
INFO: [ app_end ] --START--
INFO: Run Behavior\ShowPageTrace [ RunTime:0.000613s ]
INFO: [ app_end ] --END-- [ RunTime:0.000653s ]

[ 2018-01-22T17:11:27+08:00 ] ::1 /tp32/Api/user/userList
INFO: [ app_begin ] --START--
INFO: Run Behavior\ReadHtmlCache [ RunTime:0.000509s ]
INFO: [ app_begin ] --END-- [ RunTime:0.001055s ]
SQL: SHOW COLUMNS FROM `admin` [ RunTime:0.009775s ]
SQL: SELECT `username` FROM `admin`  [ RunTime:0.000209s ]
NOTIC: [2] array_map() expects parameter 1 to be a valid callback, function 'arr' not found or invalid function name C:\phpStudy\PHPTutorial\WWW\tp32\Application\Api\Controller\UserController.class.php 第 47 行.
INFO: [ app_end ] --START--
INFO: Run Behavior\ShowPageTrace [ RunTime:0.000509s ]
INFO: [ app_end ] --END-- [ RunTime:0.000548s ]

[ 2018-01-22T17:12:28+08:00 ] ::1 /tp32/Api/user/userList
INFO: [ app_begin ] --START--
INFO: Run Behavior\ReadHtmlCache [ RunTime:0.000424s ]
INFO: [ app_begin ] --END-- [ RunTime:0.000687s ]
SQL: SHOW COLUMNS FROM `admin` [ RunTime:0.088723s ]
SQL: SELECT `username` FROM `admin`  [ RunTime:0.000209s ]
NOTIC: [2] array_map() expects parameter 1 to be a valid callback, function 'arr' not found or invalid function name C:\phpStudy\PHPTutorial\WWW\tp32\Application\Api\Controller\UserController.class.php 第 47 行.
INFO: [ app_end ] --START--
INFO: Run Behavior\ShowPageTrace [ RunTime:0.000470s ]
INFO: [ app_end ] --END-- [ RunTime:0.000506s ]

[ 2018-01-22T17:12:43+08:00 ] ::1 /tp32/Api/user/userList
INFO: [ app_begin ] --START--
INFO: Run Behavior\ReadHtmlCache [ RunTime:0.000516s ]
INFO: [ app_begin ] --END-- [ RunTime:0.000811s ]
SQL: SHOW COLUMNS FROM `admin` [ RunTime:0.036325s ]
SQL: SELECT `username` FROM `admin`  [ RunTime:0.000247s ]
NOTIC: [2] array_map() expects parameter 1 to be a valid callback, function 'arr' not found or invalid function name C:\phpStudy\PHPTutorial\WWW\tp32\Application\Api\Controller\UserController.class.php 第 47 行.
INFO: [ app_end ] --START--
INFO: Run Behavior\ShowPageTrace [ RunTime:0.000656s ]
INFO: [ app_end ] --END-- [ RunTime:0.000700s ]

[ 2018-01-22T17:13:45+08:00 ] ::1 /tp32/Api/user/userList
INFO: [ app_begin ] --START--
INFO: Run Behavior\ReadHtmlCache [ RunTime:0.000510s ]
INFO: [ app_begin ] --END-- [ RunTime:0.000837s ]
NOTIC: [2] array_map() expects parameter 1 to be a valid callback, function 'cube' not found or invalid function name C:\phpStudy\PHPTutorial\WWW\tp32\Application\Api\Controller\UserController.class.php 第 44 行.
INFO: [ app_end ] --START--
INFO: Run Behavior\ShowPageTrace [ RunTime:0.000514s ]
INFO: [ app_end ] --END-- [ RunTime:0.000554s ]

[ 2018-01-22T17:13:47+08:00 ] ::1 /tp32/Api/user/userList
INFO: [ app_begin ] --START--
INFO: Run Behavior\ReadHtmlCache [ RunTime:0.000478s ]
INFO: [ app_begin ] --END-- [ RunTime:0.000781s ]
NOTIC: [2] array_map() expects parameter 1 to be a valid callback, function 'cube' not found or invalid function name C:\phpStudy\PHPTutorial\WWW\tp32\Application\Api\Controller\UserController.class.php 第 44 行.
INFO: [ app_end ] --START--
INFO: Run Behavior\ShowPageTrace [ RunTime:0.000474s ]
INFO: [ app_end ] --END-- [ RunTime:0.000519s ]

[ 2018-01-22T17:13:47+08:00 ] ::1 /tp32/Api/user/userList
INFO: [ app_begin ] --START--
INFO: Run Behavior\ReadHtmlCache [ RunTime:0.000551s ]
INFO: [ app_begin ] --END-- [ RunTime:0.000820s ]
NOTIC: [2] array_map() expects parameter 1 to be a valid callback, function 'cube' not found or invalid function name C:\phpStudy\PHPTutorial\WWW\tp32\Application\Api\Controller\UserController.class.php 第 44 行.
INFO: [ app_end ] --START--
INFO: Run Behavior\ShowPageTrace [ RunTime:0.000414s ]
INFO: [ app_end ] --END-- [ RunTime:0.000453s ]

[ 2018-01-22T17:13:47+08:00 ] ::1 /tp32/Api/user/userList
INFO: [ app_begin ] --START--
INFO: Run Behavior\ReadHtmlCache [ RunTime:0.000410s ]
INFO: [ app_begin ] --END-- [ RunTime:0.000671s ]
NOTIC: [2] array_map() expects parameter 1 to be a valid callback, function 'cube' not found or invalid function name C:\phpStudy\PHPTutorial\WWW\tp32\Application\Api\Controller\UserController.class.php 第 44 行.
INFO: [ app_end ] --START--
INFO: Run Behavior\ShowPageTrace [ RunTime:0.000408s ]
INFO: [ app_end ] --END-- [ RunTime:0.000447s ]

[ 2018-01-22T17:13:47+08:00 ] ::1 /tp32/Api/user/userList
INFO: [ app_begin ] --START--
INFO: Run Behavior\ReadHtmlCache [ RunTime:0.000407s ]
INFO: [ app_begin ] --END-- [ RunTime:0.000664s ]
NOTIC: [2] array_map() expects parameter 1 to be a valid callback, function 'cube' not found or invalid function name C:\phpStudy\PHPTutorial\WWW\tp32\Application\Api\Controller\UserController.class.php 第 44 行.
INFO: [ app_end ] --START--
INFO: Run Behavior\ShowPageTrace [ RunTime:0.000469s ]
INFO: [ app_end ] --END-- [ RunTime:0.000512s ]

[ 2018-01-22T17:13:48+08:00 ] ::1 /tp32/Api/user/userList
INFO: [ app_begin ] --START--
INFO: Run Behavior\ReadHtmlCache [ RunTime:0.000512s ]
INFO: [ app_begin ] --END-- [ RunTime:0.000833s ]
NOTIC: [2] array_map() expects parameter 1 to be a valid callback, function 'cube' not found or invalid function name C:\phpStudy\PHPTutorial\WWW\tp32\Application\Api\Controller\UserController.class.php 第 44 行.
INFO: [ app_end ] --START--
INFO: Run Behavior\ShowPageTrace [ RunTime:0.000506s ]
INFO: [ app_end ] --END-- [ RunTime:0.000575s ]

[ 2018-01-22T17:13:48+08:00 ] ::1 /tp32/Api/user/userList
INFO: [ app_begin ] --START--
INFO: Run Behavior\ReadHtmlCache [ RunTime:0.000421s ]
INFO: [ app_begin ] --END-- [ RunTime:0.000680s ]
NOTIC: [2] array_map() expects parameter 1 to be a valid callback, function 'cube' not found or invalid function name C:\phpStudy\PHPTutorial\WWW\tp32\Application\Api\Controller\UserController.class.php 第 44 行.
INFO: [ app_end ] --START--
INFO: Run Behavior\ShowPageTrace [ RunTime:0.000405s ]
INFO: [ app_end ] --END-- [ RunTime:0.000444s ]

[ 2018-01-22T17:13:56+08:00 ] ::1 /tp32/Api/user/userList
INFO: [ app_begin ] --START--
INFO: Run Behavior\ReadHtmlCache [ RunTime:0.000416s ]
INFO: [ app_begin ] --END-- [ RunTime:0.000707s ]
NOTIC: [2] array_map() expects parameter 1 to be a valid callback, function 'cube' not found or invalid function name C:\phpStudy\PHPTutorial\WWW\tp32\Application\Api\Controller\UserController.class.php 第 44 行.
INFO: [ app_end ] --START--
INFO: Run Behavior\ShowPageTrace [ RunTime:0.000408s ]
INFO: [ app_end ] --END-- [ RunTime:0.000445s ]

[ 2018-01-22T17:14:11+08:00 ] ::1 /tp32/Api/user/userList
INFO: [ app_begin ] --START--
INFO: Run Behavior\ReadHtmlCache [ RunTime:0.000404s ]
INFO: [ app_begin ] --END-- [ RunTime:0.000666s ]
NOTIC: [2] array_map() expects parameter 1 to be a valid callback, function 'cube' not found or invalid function name C:\phpStudy\PHPTutorial\WWW\tp32\Application\Api\Controller\UserController.class.php 第 44 行.
INFO: [ app_end ] --START--
INFO: Run Behavior\ShowPageTrace [ RunTime:0.000406s ]
INFO: [ app_end ] --END-- [ RunTime:0.000445s ]

[ 2018-01-22T17:17:53+08:00 ] ::1 /tp32/Api/user/userList
INFO: [ app_begin ] --START--
INFO: Run Behavior\ReadHtmlCache [ RunTime:0.000506s ]
INFO: [ app_begin ] --END-- [ RunTime:0.000813s ]
NOTIC: [2] array_map() expects parameter 1 to be a valid callback, function 'cube' not found or invalid function name C:\phpStudy\PHPTutorial\WWW\tp32\Application\Api\Controller\UserController.class.php 第 44 行.
INFO: [ app_end ] --START--
INFO: Run Behavior\ShowPageTrace [ RunTime:0.000476s ]
INFO: [ app_end ] --END-- [ RunTime:0.000515s ]

[ 2018-01-22T17:18:02+08:00 ] ::1 /tp32/Api/user/userList
INFO: [ app_begin ] --START--
INFO: Run Behavior\ReadHtmlCache [ RunTime:0.000508s ]
INFO: [ app_begin ] --END-- [ RunTime:0.000803s ]
NOTIC: [2] array_map() expects parameter 1 to be a valid callback, function 'cube' not found or invalid function name C:\phpStudy\PHPTutorial\WWW\tp32\Application\Api\Controller\UserController.class.php 第 44 行.
INFO: [ app_end ] --START--
INFO: Run Behavior\ShowPageTrace [ RunTime:0.000612s ]
INFO: [ app_end ] --END-- [ RunTime:0.000654s ]

[ 2018-01-22T17:18:29+08:00 ] ::1 /tp32/Api/user/userList
INFO: [ app_begin ] --START--
INFO: Run Behavior\ReadHtmlCache [ RunTime:0.000461s ]
INFO: [ app_begin ] --END-- [ RunTime:0.000832s ]

[ 2018-01-22T17:18:38+08:00 ] ::1 /tp32/Api/user/userList
INFO: [ app_begin ] --START--
INFO: Run Behavior\ReadHtmlCache [ RunTime:0.000409s ]
INFO: [ app_begin ] --END-- [ RunTime:0.000667s ]
NOTIC: [2] array_map() expects parameter 1 to be a valid callback, function 'cube' not found or invalid function name C:\phpStudy\PHPTutorial\WWW\tp32\Application\Api\Controller\UserController.class.php 第 44 行.
INFO: [ app_end ] --START--
INFO: Run Behavior\ShowPageTrace [ RunTime:0.000407s ]
INFO: [ app_end ] --END-- [ RunTime:0.000446s ]

[ 2018-01-22T17:19:31+08:00 ] ::1 /tp32/Api/user/userList
INFO: [ app_begin ] --START--
INFO: Run Behavior\ReadHtmlCache [ RunTime:0.000536s ]
INFO: [ app_begin ] --END-- [ RunTime:0.000805s ]
INFO: [ app_end ] --START--
INFO: Run Behavior\ShowPageTrace [ RunTime:0.000555s ]
INFO: [ app_end ] --END-- [ RunTime:0.000627s ]

[ 2018-01-22T17:20:19+08:00 ] ::1 /tp32/Api/user/userList
INFO: [ app_begin ] --START--
INFO: Run Behavior\ReadHtmlCache [ RunTime:0.000792s ]
INFO: [ app_begin ] --END-- [ RunTime:0.001497s ]
NOTIC: [2] array_map() expects parameter 1 to be a valid callback, function 'cube' not found or invalid function name C:\phpStudy\PHPTutorial\WWW\tp32\Application\Api\Controller\UserController.class.php 第 44 行.
INFO: [ app_end ] --START--
INFO: Run Behavior\ShowPageTrace [ RunTime:0.000641s ]
INFO: [ app_end ] --END-- [ RunTime:0.000695s ]

[ 2018-01-22T17:20:31+08:00 ] ::1 /tp32/Api/user/userList
INFO: [ app_begin ] --START--
INFO: Run Behavior\ReadHtmlCache [ RunTime:0.000682s ]
INFO: [ app_begin ] --END-- [ RunTime:0.001128s ]
NOTIC: [2] array_map() expects parameter 1 to be a valid callback, function 'cube' not found or invalid function name C:\phpStudy\PHPTutorial\WWW\tp32\Application\Api\Controller\UserController.class.php 第 44 行.
INFO: [ app_end ] --START--
INFO: Run Behavior\ShowPageTrace [ RunTime:0.000644s ]
INFO: [ app_end ] --END-- [ RunTime:0.000697s ]

